running egg_info
creating ../../build/esc_driver/esc_driver.egg-info
writing ../../build/esc_driver/esc_driver.egg-info/PKG-INFO
writing dependency_links to ../../build/esc_driver/esc_driver.egg-info/dependency_links.txt
writing entry points to ../../build/esc_driver/esc_driver.egg-info/entry_points.txt
writing requirements to ../../build/esc_driver/esc_driver.egg-info/requires.txt
writing top-level names to ../../build/esc_driver/esc_driver.egg-info/top_level.txt
writing manifest file '../../build/esc_driver/esc_driver.egg-info/SOURCES.txt'
reading manifest file '../../build/esc_driver/esc_driver.egg-info/SOURCES.txt'
writing manifest file '../../build/esc_driver/esc_driver.egg-info/SOURCES.txt'
running build
running build_py
creating /home/strikeps/Desktop/IITKGP/Summer/asv_ros2_ws/build/esc_driver/build
creating /home/strikeps/Desktop/IITKGP/Summer/asv_ros2_ws/build/esc_driver/build/lib
creating /home/strikeps/Desktop/IITKGP/Summer/asv_ros2_ws/build/esc_driver/build/lib/esc_driver
copying esc_driver/esc_driver_node.py -> /home/strikeps/Desktop/IITKGP/Summer/asv_ros2_ws/build/esc_driver/build/lib/esc_driver
copying esc_driver/__init__.py -> /home/strikeps/Desktop/IITKGP/Summer/asv_ros2_ws/build/esc_driver/build/lib/esc_driver
running install
running install_lib
creating /home/strikeps/Desktop/IITKGP/Summer/asv_ros2_ws/install/esc_driver/lib/python3.10/site-packages/esc_driver
copying /home/strikeps/Desktop/IITKGP/Summer/asv_ros2_ws/build/esc_driver/build/lib/esc_driver/esc_driver_node.py -> /home/strikeps/Desktop/IITKGP/Summer/asv_ros2_ws/install/esc_driver/lib/python3.10/site-packages/esc_driver
copying /home/strikeps/Desktop/IITKGP/Summer/asv_ros2_ws/build/esc_driver/build/lib/esc_driver/__init__.py -> /home/strikeps/Desktop/IITKGP/Summer/asv_ros2_ws/install/esc_driver/lib/python3.10/site-packages/esc_driver
byte-compiling /home/strikeps/Desktop/IITKGP/Summer/asv_ros2_ws/install/esc_driver/lib/python3.10/site-packages/esc_driver/esc_driver_node.py to esc_driver_node.cpython-310.pyc
byte-compiling /home/strikeps/Desktop/IITKGP/Summer/asv_ros2_ws/install/esc_driver/lib/python3.10/site-packages/esc_driver/__init__.py to __init__.cpython-310.pyc
running install_data
creating /home/strikeps/Desktop/IITKGP/Summer/asv_ros2_ws/install/esc_driver/share/ament_index
creating /home/strikeps/Desktop/IITKGP/Summer/asv_ros2_ws/install/esc_driver/share/ament_index/resource_index
creating /home/strikeps/Desktop/IITKGP/Summer/asv_ros2_ws/install/esc_driver/share/ament_index/resource_index/packages
copying resource/esc_driver -> /home/strikeps/Desktop/IITKGP/Summer/asv_ros2_ws/install/esc_driver/share/ament_index/resource_index/packages
copying package.xml -> /home/strikeps/Desktop/IITKGP/Summer/asv_ros2_ws/install/esc_driver/share/esc_driver
running install_egg_info
Copying ../../build/esc_driver/esc_driver.egg-info to /home/strikeps/Desktop/IITKGP/Summer/asv_ros2_ws/install/esc_driver/lib/python3.10/site-packages/esc_driver-0.0.0-py3.10.egg-info
running install_scripts
Installing esc_driver_node script to /home/strikeps/Desktop/IITKGP/Summer/asv_ros2_ws/install/esc_driver/lib/esc_driver
writing list of installed files to '/home/strikeps/Desktop/IITKGP/Summer/asv_ros2_ws/build/esc_driver/install.log'
