[0.791s] Invoking command in '/home/strikeps/Desktop/IITKGP/Summer/asv_ros2_ws/src/esc_driver': PYTHONPATH=/home/strikeps/Desktop/IITKGP/Summer/asv_ros2_ws/build/esc_driver/prefix_override:/usr/lib/python3/dist-packages/colcon_core/task/python/colcon_distutils_commands:/home/strikeps/Desktop/IITKGP/Summer/asv_ros2_ws/install/esc_driver/lib/python3.10/site-packages:${PYTHONPATH} /usr/bin/python3 -W ignore:setup.py install is deprecated -W ignore:easy_install command is deprecated setup.py egg_info --egg-base ../../build/esc_driver build --build-base /home/strikeps/Desktop/IITKGP/Summer/asv_ros2_ws/build/esc_driver/build install --record /home/strikeps/Desktop/IITKGP/Summer/asv_ros2_ws/build/esc_driver/install.log --single-version-externally-managed install_data
[1.010s] running egg_info
[1.010s] creating ../../build/esc_driver/esc_driver.egg-info
[1.017s] writing ../../build/esc_driver/esc_driver.egg-info/PKG-INFO
[1.017s] writing dependency_links to ../../build/esc_driver/esc_driver.egg-info/dependency_links.txt
[1.017s] writing entry points to ../../build/esc_driver/esc_driver.egg-info/entry_points.txt
[1.017s] writing requirements to ../../build/esc_driver/esc_driver.egg-info/requires.txt
[1.017s] writing top-level names to ../../build/esc_driver/esc_driver.egg-info/top_level.txt
[1.017s] writing manifest file '../../build/esc_driver/esc_driver.egg-info/SOURCES.txt'
[1.031s] reading manifest file '../../build/esc_driver/esc_driver.egg-info/SOURCES.txt'
[1.032s] writing manifest file '../../build/esc_driver/esc_driver.egg-info/SOURCES.txt'
[1.032s] running build
[1.032s] running build_py
[1.032s] creating /home/strikeps/Desktop/IITKGP/Summer/asv_ros2_ws/build/esc_driver/build
[1.033s] creating /home/strikeps/Desktop/IITKGP/Summer/asv_ros2_ws/build/esc_driver/build/lib
[1.033s] creating /home/strikeps/Desktop/IITKGP/Summer/asv_ros2_ws/build/esc_driver/build/lib/esc_driver
[1.033s] copying esc_driver/esc_driver_node.py -> /home/strikeps/Desktop/IITKGP/Summer/asv_ros2_ws/build/esc_driver/build/lib/esc_driver
[1.033s] copying esc_driver/__init__.py -> /home/strikeps/Desktop/IITKGP/Summer/asv_ros2_ws/build/esc_driver/build/lib/esc_driver
[1.033s] running install
[1.036s] running install_lib
[1.043s] creating /home/strikeps/Desktop/IITKGP/Summer/asv_ros2_ws/install/esc_driver/lib/python3.10/site-packages/esc_driver
[1.043s] copying /home/strikeps/Desktop/IITKGP/Summer/asv_ros2_ws/build/esc_driver/build/lib/esc_driver/esc_driver_node.py -> /home/strikeps/Desktop/IITKGP/Summer/asv_ros2_ws/install/esc_driver/lib/python3.10/site-packages/esc_driver
[1.044s] copying /home/strikeps/Desktop/IITKGP/Summer/asv_ros2_ws/build/esc_driver/build/lib/esc_driver/__init__.py -> /home/strikeps/Desktop/IITKGP/Summer/asv_ros2_ws/install/esc_driver/lib/python3.10/site-packages/esc_driver
[1.044s] byte-compiling /home/strikeps/Desktop/IITKGP/Summer/asv_ros2_ws/install/esc_driver/lib/python3.10/site-packages/esc_driver/esc_driver_node.py to esc_driver_node.cpython-310.pyc
[1.045s] byte-compiling /home/strikeps/Desktop/IITKGP/Summer/asv_ros2_ws/install/esc_driver/lib/python3.10/site-packages/esc_driver/__init__.py to __init__.cpython-310.pyc
[1.045s] running install_data
[1.045s] creating /home/strikeps/Desktop/IITKGP/Summer/asv_ros2_ws/install/esc_driver/share/ament_index
[1.045s] creating /home/strikeps/Desktop/IITKGP/Summer/asv_ros2_ws/install/esc_driver/share/ament_index/resource_index
[1.045s] creating /home/strikeps/Desktop/IITKGP/Summer/asv_ros2_ws/install/esc_driver/share/ament_index/resource_index/packages
[1.045s] copying resource/esc_driver -> /home/strikeps/Desktop/IITKGP/Summer/asv_ros2_ws/install/esc_driver/share/ament_index/resource_index/packages
[1.045s] copying package.xml -> /home/strikeps/Desktop/IITKGP/Summer/asv_ros2_ws/install/esc_driver/share/esc_driver
[1.045s] running install_egg_info
[1.053s] Copying ../../build/esc_driver/esc_driver.egg-info to /home/strikeps/Desktop/IITKGP/Summer/asv_ros2_ws/install/esc_driver/lib/python3.10/site-packages/esc_driver-0.0.0-py3.10.egg-info
[1.053s] running install_scripts
[1.091s] Installing esc_driver_node script to /home/strikeps/Desktop/IITKGP/Summer/asv_ros2_ws/install/esc_driver/lib/esc_driver
[1.091s] writing list of installed files to '/home/strikeps/Desktop/IITKGP/Summer/asv_ros2_ws/build/esc_driver/install.log'
[1.121s] Invoked command in '/home/strikeps/Desktop/IITKGP/Summer/asv_ros2_ws/src/esc_driver' returned '0': PYTHONPATH=/home/strikeps/Desktop/IITKGP/Summer/asv_ros2_ws/build/esc_driver/prefix_override:/usr/lib/python3/dist-packages/colcon_core/task/python/colcon_distutils_commands:/home/strikeps/Desktop/IITKGP/Summer/asv_ros2_ws/install/esc_driver/lib/python3.10/site-packages:${PYTHONPATH} /usr/bin/python3 -W ignore:setup.py install is deprecated -W ignore:easy_install command is deprecated setup.py egg_info --egg-base ../../build/esc_driver build --build-base /home/strikeps/Desktop/IITKGP/Summer/asv_ros2_ws/build/esc_driver/build install --record /home/strikeps/Desktop/IITKGP/Summer/asv_ros2_ws/build/esc_driver/install.log --single-version-externally-managed install_data
