running egg_info
creating ../../build/xsens_mti_driver/xsens_mti_driver.egg-info
writing ../../build/xsens_mti_driver/xsens_mti_driver.egg-info/PKG-INFO
writing dependency_links to ../../build/xsens_mti_driver/xsens_mti_driver.egg-info/dependency_links.txt
writing entry points to ../../build/xsens_mti_driver/xsens_mti_driver.egg-info/entry_points.txt
writing requirements to ../../build/xsens_mti_driver/xsens_mti_driver.egg-info/requires.txt
writing top-level names to ../../build/xsens_mti_driver/xsens_mti_driver.egg-info/top_level.txt
writing manifest file '../../build/xsens_mti_driver/xsens_mti_driver.egg-info/SOURCES.txt'
reading manifest file '../../build/xsens_mti_driver/xsens_mti_driver.egg-info/SOURCES.txt'
writing manifest file '../../build/xsens_mti_driver/xsens_mti_driver.egg-info/SOURCES.txt'
running build
running build_py
creating /home/strikeps/Desktop/IITKGP/Summer/asv_ros2_ws/build/xsens_mti_driver/build
creating /home/strikeps/Desktop/IITKGP/Summer/asv_ros2_ws/build/xsens_mti_driver/build/lib
creating /home/strikeps/Desktop/IITKGP/Summer/asv_ros2_ws/build/xsens_mti_driver/build/lib/xsens_mti_driver
copying xsens_mti_driver/data_logging.py -> /home/strikeps/Desktop/IITKGP/Summer/asv_ros2_ws/build/xsens_mti_driver/build/lib/xsens_mti_driver
copying xsens_mti_driver/xsens_imu_node.py -> /home/strikeps/Desktop/IITKGP/Summer/asv_ros2_ws/build/xsens_mti_driver/build/lib/xsens_mti_driver
copying xsens_mti_driver/SetOutput.py -> /home/strikeps/Desktop/IITKGP/Summer/asv_ros2_ws/build/xsens_mti_driver/build/lib/xsens_mti_driver
copying xsens_mti_driver/XbusPacket.py -> /home/strikeps/Desktop/IITKGP/Summer/asv_ros2_ws/build/xsens_mti_driver/build/lib/xsens_mti_driver
copying xsens_mti_driver/DataPacketParser.py -> /home/strikeps/Desktop/IITKGP/Summer/asv_ros2_ws/build/xsens_mti_driver/build/lib/xsens_mti_driver
copying xsens_mti_driver/SerialHandler.py -> /home/strikeps/Desktop/IITKGP/Summer/asv_ros2_ws/build/xsens_mti_driver/build/lib/xsens_mti_driver
copying xsens_mti_driver/__init__.py -> /home/strikeps/Desktop/IITKGP/Summer/asv_ros2_ws/build/xsens_mti_driver/build/lib/xsens_mti_driver
copying xsens_mti_driver/xsens_imu_node_tester.py -> /home/strikeps/Desktop/IITKGP/Summer/asv_ros2_ws/build/xsens_mti_driver/build/lib/xsens_mti_driver
running install
running install_lib
creating /home/strikeps/Desktop/IITKGP/Summer/asv_ros2_ws/install/xsens_mti_driver/lib/python3.10/site-packages/xsens_mti_driver
copying /home/strikeps/Desktop/IITKGP/Summer/asv_ros2_ws/build/xsens_mti_driver/build/lib/xsens_mti_driver/data_logging.py -> /home/strikeps/Desktop/IITKGP/Summer/asv_ros2_ws/install/xsens_mti_driver/lib/python3.10/site-packages/xsens_mti_driver
copying /home/strikeps/Desktop/IITKGP/Summer/asv_ros2_ws/build/xsens_mti_driver/build/lib/xsens_mti_driver/xsens_imu_node.py -> /home/strikeps/Desktop/IITKGP/Summer/asv_ros2_ws/install/xsens_mti_driver/lib/python3.10/site-packages/xsens_mti_driver
copying /home/strikeps/Desktop/IITKGP/Summer/asv_ros2_ws/build/xsens_mti_driver/build/lib/xsens_mti_driver/SetOutput.py -> /home/strikeps/Desktop/IITKGP/Summer/asv_ros2_ws/install/xsens_mti_driver/lib/python3.10/site-packages/xsens_mti_driver
copying /home/strikeps/Desktop/IITKGP/Summer/asv_ros2_ws/build/xsens_mti_driver/build/lib/xsens_mti_driver/XbusPacket.py -> /home/strikeps/Desktop/IITKGP/Summer/asv_ros2_ws/install/xsens_mti_driver/lib/python3.10/site-packages/xsens_mti_driver
copying /home/strikeps/Desktop/IITKGP/Summer/asv_ros2_ws/build/xsens_mti_driver/build/lib/xsens_mti_driver/DataPacketParser.py -> /home/strikeps/Desktop/IITKGP/Summer/asv_ros2_ws/install/xsens_mti_driver/lib/python3.10/site-packages/xsens_mti_driver
copying /home/strikeps/Desktop/IITKGP/Summer/asv_ros2_ws/build/xsens_mti_driver/build/lib/xsens_mti_driver/SerialHandler.py -> /home/strikeps/Desktop/IITKGP/Summer/asv_ros2_ws/install/xsens_mti_driver/lib/python3.10/site-packages/xsens_mti_driver
copying /home/strikeps/Desktop/IITKGP/Summer/asv_ros2_ws/build/xsens_mti_driver/build/lib/xsens_mti_driver/__init__.py -> /home/strikeps/Desktop/IITKGP/Summer/asv_ros2_ws/install/xsens_mti_driver/lib/python3.10/site-packages/xsens_mti_driver
copying /home/strikeps/Desktop/IITKGP/Summer/asv_ros2_ws/build/xsens_mti_driver/build/lib/xsens_mti_driver/xsens_imu_node_tester.py -> /home/strikeps/Desktop/IITKGP/Summer/asv_ros2_ws/install/xsens_mti_driver/lib/python3.10/site-packages/xsens_mti_driver
byte-compiling /home/strikeps/Desktop/IITKGP/Summer/asv_ros2_ws/install/xsens_mti_driver/lib/python3.10/site-packages/xsens_mti_driver/data_logging.py to data_logging.cpython-310.pyc
byte-compiling /home/strikeps/Desktop/IITKGP/Summer/asv_ros2_ws/install/xsens_mti_driver/lib/python3.10/site-packages/xsens_mti_driver/xsens_imu_node.py to xsens_imu_node.cpython-310.pyc
byte-compiling /home/strikeps/Desktop/IITKGP/Summer/asv_ros2_ws/install/xsens_mti_driver/lib/python3.10/site-packages/xsens_mti_driver/SetOutput.py to SetOutput.cpython-310.pyc
byte-compiling /home/strikeps/Desktop/IITKGP/Summer/asv_ros2_ws/install/xsens_mti_driver/lib/python3.10/site-packages/xsens_mti_driver/XbusPacket.py to XbusPacket.cpython-310.pyc
byte-compiling /home/strikeps/Desktop/IITKGP/Summer/asv_ros2_ws/install/xsens_mti_driver/lib/python3.10/site-packages/xsens_mti_driver/DataPacketParser.py to DataPacketParser.cpython-310.pyc
byte-compiling /home/strikeps/Desktop/IITKGP/Summer/asv_ros2_ws/install/xsens_mti_driver/lib/python3.10/site-packages/xsens_mti_driver/SerialHandler.py to SerialHandler.cpython-310.pyc
byte-compiling /home/strikeps/Desktop/IITKGP/Summer/asv_ros2_ws/install/xsens_mti_driver/lib/python3.10/site-packages/xsens_mti_driver/__init__.py to __init__.cpython-310.pyc
byte-compiling /home/strikeps/Desktop/IITKGP/Summer/asv_ros2_ws/install/xsens_mti_driver/lib/python3.10/site-packages/xsens_mti_driver/xsens_imu_node_tester.py to xsens_imu_node_tester.cpython-310.pyc
running install_data
creating /home/strikeps/Desktop/IITKGP/Summer/asv_ros2_ws/install/xsens_mti_driver/share/ament_index
creating /home/strikeps/Desktop/IITKGP/Summer/asv_ros2_ws/install/xsens_mti_driver/share/ament_index/resource_index
creating /home/strikeps/Desktop/IITKGP/Summer/asv_ros2_ws/install/xsens_mti_driver/share/ament_index/resource_index/packages
copying resource/xsens_mti_driver -> /home/strikeps/Desktop/IITKGP/Summer/asv_ros2_ws/install/xsens_mti_driver/share/ament_index/resource_index/packages
copying package.xml -> /home/strikeps/Desktop/IITKGP/Summer/asv_ros2_ws/install/xsens_mti_driver/share/xsens_mti_driver
running install_egg_info
Copying ../../build/xsens_mti_driver/xsens_mti_driver.egg-info to /home/strikeps/Desktop/IITKGP/Summer/asv_ros2_ws/install/xsens_mti_driver/lib/python3.10/site-packages/xsens_mti_driver-0.0.0-py3.10.egg-info
running install_scripts
Installing xsens_imu_node script to /home/strikeps/Desktop/IITKGP/Summer/asv_ros2_ws/install/xsens_mti_driver/lib/xsens_mti_driver
Installing xsens_imu_node_tester script to /home/strikeps/Desktop/IITKGP/Summer/asv_ros2_ws/install/xsens_mti_driver/lib/xsens_mti_driver
writing list of installed files to '/home/strikeps/Desktop/IITKGP/Summer/asv_ros2_ws/build/xsens_mti_driver/install.log'
