[0.836s] Invoking command in '/home/strikeps/Desktop/IITKGP/Summer/asv_ros2_ws/src/xsens_mti_driver': PYTHONPATH=/home/strikeps/Desktop/IITKGP/Summer/asv_ros2_ws/build/xsens_mti_driver/prefix_override:/usr/lib/python3/dist-packages/colcon_core/task/python/colcon_distutils_commands:/home/strikeps/Desktop/IITKGP/Summer/asv_ros2_ws/install/xsens_mti_driver/lib/python3.10/site-packages:${PYTHONPATH} /usr/bin/python3 -W ignore:setup.py install is deprecated -W ignore:easy_install command is deprecated setup.py egg_info --egg-base ../../build/xsens_mti_driver build --build-base /home/strikeps/Desktop/IITKGP/Summer/asv_ros2_ws/build/xsens_mti_driver/build install --record /home/strikeps/Desktop/IITKGP/Summer/asv_ros2_ws/build/xsens_mti_driver/install.log --single-version-externally-managed install_data
[1.061s] running egg_info
[1.061s] creating ../../build/xsens_mti_driver/xsens_mti_driver.egg-info
[1.069s] writing ../../build/xsens_mti_driver/xsens_mti_driver.egg-info/PKG-INFO
[1.069s] writing dependency_links to ../../build/xsens_mti_driver/xsens_mti_driver.egg-info/dependency_links.txt
[1.069s] writing entry points to ../../build/xsens_mti_driver/xsens_mti_driver.egg-info/entry_points.txt
[1.069s] writing requirements to ../../build/xsens_mti_driver/xsens_mti_driver.egg-info/requires.txt
[1.069s] writing top-level names to ../../build/xsens_mti_driver/xsens_mti_driver.egg-info/top_level.txt
[1.069s] writing manifest file '../../build/xsens_mti_driver/xsens_mti_driver.egg-info/SOURCES.txt'
[1.084s] reading manifest file '../../build/xsens_mti_driver/xsens_mti_driver.egg-info/SOURCES.txt'
[1.084s] writing manifest file '../../build/xsens_mti_driver/xsens_mti_driver.egg-info/SOURCES.txt'
[1.084s] running build
[1.084s] running build_py
[1.085s] creating /home/strikeps/Desktop/IITKGP/Summer/asv_ros2_ws/build/xsens_mti_driver/build
[1.085s] creating /home/strikeps/Desktop/IITKGP/Summer/asv_ros2_ws/build/xsens_mti_driver/build/lib
[1.085s] creating /home/strikeps/Desktop/IITKGP/Summer/asv_ros2_ws/build/xsens_mti_driver/build/lib/xsens_mti_driver
[1.085s] copying xsens_mti_driver/data_logging.py -> /home/strikeps/Desktop/IITKGP/Summer/asv_ros2_ws/build/xsens_mti_driver/build/lib/xsens_mti_driver
[1.085s] copying xsens_mti_driver/xsens_imu_node.py -> /home/strikeps/Desktop/IITKGP/Summer/asv_ros2_ws/build/xsens_mti_driver/build/lib/xsens_mti_driver
[1.085s] copying xsens_mti_driver/SetOutput.py -> /home/strikeps/Desktop/IITKGP/Summer/asv_ros2_ws/build/xsens_mti_driver/build/lib/xsens_mti_driver
[1.085s] copying xsens_mti_driver/XbusPacket.py -> /home/strikeps/Desktop/IITKGP/Summer/asv_ros2_ws/build/xsens_mti_driver/build/lib/xsens_mti_driver
[1.085s] copying xsens_mti_driver/DataPacketParser.py -> /home/strikeps/Desktop/IITKGP/Summer/asv_ros2_ws/build/xsens_mti_driver/build/lib/xsens_mti_driver
[1.085s] copying xsens_mti_driver/SerialHandler.py -> /home/strikeps/Desktop/IITKGP/Summer/asv_ros2_ws/build/xsens_mti_driver/build/lib/xsens_mti_driver
[1.085s] copying xsens_mti_driver/__init__.py -> /home/strikeps/Desktop/IITKGP/Summer/asv_ros2_ws/build/xsens_mti_driver/build/lib/xsens_mti_driver
[1.085s] copying xsens_mti_driver/xsens_imu_node_tester.py -> /home/strikeps/Desktop/IITKGP/Summer/asv_ros2_ws/build/xsens_mti_driver/build/lib/xsens_mti_driver
[1.085s] running install
[1.088s] running install_lib
[1.097s] creating /home/strikeps/Desktop/IITKGP/Summer/asv_ros2_ws/install/xsens_mti_driver/lib/python3.10/site-packages/xsens_mti_driver
[1.097s] copying /home/strikeps/Desktop/IITKGP/Summer/asv_ros2_ws/build/xsens_mti_driver/build/lib/xsens_mti_driver/data_logging.py -> /home/strikeps/Desktop/IITKGP/Summer/asv_ros2_ws/install/xsens_mti_driver/lib/python3.10/site-packages/xsens_mti_driver
[1.097s] copying /home/strikeps/Desktop/IITKGP/Summer/asv_ros2_ws/build/xsens_mti_driver/build/lib/xsens_mti_driver/xsens_imu_node.py -> /home/strikeps/Desktop/IITKGP/Summer/asv_ros2_ws/install/xsens_mti_driver/lib/python3.10/site-packages/xsens_mti_driver
[1.097s] copying /home/strikeps/Desktop/IITKGP/Summer/asv_ros2_ws/build/xsens_mti_driver/build/lib/xsens_mti_driver/SetOutput.py -> /home/strikeps/Desktop/IITKGP/Summer/asv_ros2_ws/install/xsens_mti_driver/lib/python3.10/site-packages/xsens_mti_driver
[1.097s] copying /home/strikeps/Desktop/IITKGP/Summer/asv_ros2_ws/build/xsens_mti_driver/build/lib/xsens_mti_driver/XbusPacket.py -> /home/strikeps/Desktop/IITKGP/Summer/asv_ros2_ws/install/xsens_mti_driver/lib/python3.10/site-packages/xsens_mti_driver
[1.097s] copying /home/strikeps/Desktop/IITKGP/Summer/asv_ros2_ws/build/xsens_mti_driver/build/lib/xsens_mti_driver/DataPacketParser.py -> /home/strikeps/Desktop/IITKGP/Summer/asv_ros2_ws/install/xsens_mti_driver/lib/python3.10/site-packages/xsens_mti_driver
[1.097s] copying /home/strikeps/Desktop/IITKGP/Summer/asv_ros2_ws/build/xsens_mti_driver/build/lib/xsens_mti_driver/SerialHandler.py -> /home/strikeps/Desktop/IITKGP/Summer/asv_ros2_ws/install/xsens_mti_driver/lib/python3.10/site-packages/xsens_mti_driver
[1.097s] copying /home/strikeps/Desktop/IITKGP/Summer/asv_ros2_ws/build/xsens_mti_driver/build/lib/xsens_mti_driver/__init__.py -> /home/strikeps/Desktop/IITKGP/Summer/asv_ros2_ws/install/xsens_mti_driver/lib/python3.10/site-packages/xsens_mti_driver
[1.097s] copying /home/strikeps/Desktop/IITKGP/Summer/asv_ros2_ws/build/xsens_mti_driver/build/lib/xsens_mti_driver/xsens_imu_node_tester.py -> /home/strikeps/Desktop/IITKGP/Summer/asv_ros2_ws/install/xsens_mti_driver/lib/python3.10/site-packages/xsens_mti_driver
[1.097s] byte-compiling /home/strikeps/Desktop/IITKGP/Summer/asv_ros2_ws/install/xsens_mti_driver/lib/python3.10/site-packages/xsens_mti_driver/data_logging.py to data_logging.cpython-310.pyc
[1.098s] byte-compiling /home/strikeps/Desktop/IITKGP/Summer/asv_ros2_ws/install/xsens_mti_driver/lib/python3.10/site-packages/xsens_mti_driver/xsens_imu_node.py to xsens_imu_node.cpython-310.pyc
[1.098s] byte-compiling /home/strikeps/Desktop/IITKGP/Summer/asv_ros2_ws/install/xsens_mti_driver/lib/python3.10/site-packages/xsens_mti_driver/SetOutput.py to SetOutput.cpython-310.pyc
[1.098s] byte-compiling /home/strikeps/Desktop/IITKGP/Summer/asv_ros2_ws/install/xsens_mti_driver/lib/python3.10/site-packages/xsens_mti_driver/XbusPacket.py to XbusPacket.cpython-310.pyc
[1.099s] byte-compiling /home/strikeps/Desktop/IITKGP/Summer/asv_ros2_ws/install/xsens_mti_driver/lib/python3.10/site-packages/xsens_mti_driver/DataPacketParser.py to DataPacketParser.cpython-310.pyc
[1.100s] byte-compiling /home/strikeps/Desktop/IITKGP/Summer/asv_ros2_ws/install/xsens_mti_driver/lib/python3.10/site-packages/xsens_mti_driver/SerialHandler.py to SerialHandler.cpython-310.pyc
[1.100s] byte-compiling /home/strikeps/Desktop/IITKGP/Summer/asv_ros2_ws/install/xsens_mti_driver/lib/python3.10/site-packages/xsens_mti_driver/__init__.py to __init__.cpython-310.pyc
[1.100s] byte-compiling /home/strikeps/Desktop/IITKGP/Summer/asv_ros2_ws/install/xsens_mti_driver/lib/python3.10/site-packages/xsens_mti_driver/xsens_imu_node_tester.py to xsens_imu_node_tester.cpython-310.pyc
[1.101s] running install_data
[1.101s] creating /home/strikeps/Desktop/IITKGP/Summer/asv_ros2_ws/install/xsens_mti_driver/share/ament_index
[1.101s] creating /home/strikeps/Desktop/IITKGP/Summer/asv_ros2_ws/install/xsens_mti_driver/share/ament_index/resource_index
[1.101s] creating /home/strikeps/Desktop/IITKGP/Summer/asv_ros2_ws/install/xsens_mti_driver/share/ament_index/resource_index/packages
[1.101s] copying resource/xsens_mti_driver -> /home/strikeps/Desktop/IITKGP/Summer/asv_ros2_ws/install/xsens_mti_driver/share/ament_index/resource_index/packages
[1.101s] copying package.xml -> /home/strikeps/Desktop/IITKGP/Summer/asv_ros2_ws/install/xsens_mti_driver/share/xsens_mti_driver
[1.102s] running install_egg_info
[1.110s] Copying ../../build/xsens_mti_driver/xsens_mti_driver.egg-info to /home/strikeps/Desktop/IITKGP/Summer/asv_ros2_ws/install/xsens_mti_driver/lib/python3.10/site-packages/xsens_mti_driver-0.0.0-py3.10.egg-info
[1.110s] running install_scripts
[1.150s] Installing xsens_imu_node script to /home/strikeps/Desktop/IITKGP/Summer/asv_ros2_ws/install/xsens_mti_driver/lib/xsens_mti_driver
[1.150s] Installing xsens_imu_node_tester script to /home/strikeps/Desktop/IITKGP/Summer/asv_ros2_ws/install/xsens_mti_driver/lib/xsens_mti_driver
[1.150s] writing list of installed files to '/home/strikeps/Desktop/IITKGP/Summer/asv_ros2_ws/build/xsens_mti_driver/install.log'
[1.179s] Invoked command in '/home/strikeps/Desktop/IITKGP/Summer/asv_ros2_ws/src/xsens_mti_driver' returned '0': PYTHONPATH=/home/strikeps/Desktop/IITKGP/Summer/asv_ros2_ws/build/xsens_mti_driver/prefix_override:/usr/lib/python3/dist-packages/colcon_core/task/python/colcon_distutils_commands:/home/strikeps/Desktop/IITKGP/Summer/asv_ros2_ws/install/xsens_mti_driver/lib/python3.10/site-packages:${PYTHONPATH} /usr/bin/python3 -W ignore:setup.py install is deprecated -W ignore:easy_install command is deprecated setup.py egg_info --egg-base ../../build/xsens_mti_driver build --build-base /home/strikeps/Desktop/IITKGP/Summer/asv_ros2_ws/build/xsens_mti_driver/build install --record /home/strikeps/Desktop/IITKGP/Summer/asv_ros2_ws/build/xsens_mti_driver/install.log --single-version-externally-managed install_data
