/home/strikeps/Desktop/IITKGP/Summer/asv_ros2_ws/install/xsens_mti_driver/lib/python3.10/site-packages/xsens_mti_driver/data_logging.py
/home/strikeps/Desktop/IITKGP/Summer/asv_ros2_ws/install/xsens_mti_driver/lib/python3.10/site-packages/xsens_mti_driver/xsens_imu_node.py
/home/strikeps/Desktop/IITKGP/Summer/asv_ros2_ws/install/xsens_mti_driver/lib/python3.10/site-packages/xsens_mti_driver/SetOutput.py
/home/strikeps/Desktop/IITKGP/Summer/asv_ros2_ws/install/xsens_mti_driver/lib/python3.10/site-packages/xsens_mti_driver/XbusPacket.py
/home/strikeps/Desktop/IITKGP/Summer/asv_ros2_ws/install/xsens_mti_driver/lib/python3.10/site-packages/xsens_mti_driver/DataPacketParser.py
/home/strikeps/Desktop/IITKGP/Summer/asv_ros2_ws/install/xsens_mti_driver/lib/python3.10/site-packages/xsens_mti_driver/SerialHandler.py
/home/strikeps/Desktop/IITKGP/Summer/asv_ros2_ws/install/xsens_mti_driver/lib/python3.10/site-packages/xsens_mti_driver/__init__.py
/home/strikeps/Desktop/IITKGP/Summer/asv_ros2_ws/install/xsens_mti_driver/lib/python3.10/site-packages/xsens_mti_driver/xsens_imu_node_tester.py
/home/strikeps/Desktop/IITKGP/Summer/asv_ros2_ws/install/xsens_mti_driver/lib/python3.10/site-packages/xsens_mti_driver/__pycache__/data_logging.cpython-310.pyc
/home/strikeps/Desktop/IITKGP/Summer/asv_ros2_ws/install/xsens_mti_driver/lib/python3.10/site-packages/xsens_mti_driver/__pycache__/xsens_imu_node.cpython-310.pyc
/home/strikeps/Desktop/IITKGP/Summer/asv_ros2_ws/install/xsens_mti_driver/lib/python3.10/site-packages/xsens_mti_driver/__pycache__/SetOutput.cpython-310.pyc
/home/strikeps/Desktop/IITKGP/Summer/asv_ros2_ws/install/xsens_mti_driver/lib/python3.10/site-packages/xsens_mti_driver/__pycache__/XbusPacket.cpython-310.pyc
/home/strikeps/Desktop/IITKGP/Summer/asv_ros2_ws/install/xsens_mti_driver/lib/python3.10/site-packages/xsens_mti_driver/__pycache__/DataPacketParser.cpython-310.pyc
/home/strikeps/Desktop/IITKGP/Summer/asv_ros2_ws/install/xsens_mti_driver/lib/python3.10/site-packages/xsens_mti_driver/__pycache__/SerialHandler.cpython-310.pyc
/home/strikeps/Desktop/IITKGP/Summer/asv_ros2_ws/install/xsens_mti_driver/lib/python3.10/site-packages/xsens_mti_driver/__pycache__/__init__.cpython-310.pyc
/home/strikeps/Desktop/IITKGP/Summer/asv_ros2_ws/install/xsens_mti_driver/lib/python3.10/site-packages/xsens_mti_driver/__pycache__/xsens_imu_node_tester.cpython-310.pyc
/home/strikeps/Desktop/IITKGP/Summer/asv_ros2_ws/install/xsens_mti_driver/share/ament_index/resource_index/packages/xsens_mti_driver
/home/strikeps/Desktop/IITKGP/Summer/asv_ros2_ws/install/xsens_mti_driver/share/xsens_mti_driver/package.xml
/home/strikeps/Desktop/IITKGP/Summer/asv_ros2_ws/install/xsens_mti_driver/lib/python3.10/site-packages/xsens_mti_driver-0.0.0-py3.10.egg-info/dependency_links.txt
/home/strikeps/Desktop/IITKGP/Summer/asv_ros2_ws/install/xsens_mti_driver/lib/python3.10/site-packages/xsens_mti_driver-0.0.0-py3.10.egg-info/requires.txt
/home/strikeps/Desktop/IITKGP/Summer/asv_ros2_ws/install/xsens_mti_driver/lib/python3.10/site-packages/xsens_mti_driver-0.0.0-py3.10.egg-info/PKG-INFO
/home/strikeps/Desktop/IITKGP/Summer/asv_ros2_ws/install/xsens_mti_driver/lib/python3.10/site-packages/xsens_mti_driver-0.0.0-py3.10.egg-info/zip-safe
/home/strikeps/Desktop/IITKGP/Summer/asv_ros2_ws/install/xsens_mti_driver/lib/python3.10/site-packages/xsens_mti_driver-0.0.0-py3.10.egg-info/entry_points.txt
/home/strikeps/Desktop/IITKGP/Summer/asv_ros2_ws/install/xsens_mti_driver/lib/python3.10/site-packages/xsens_mti_driver-0.0.0-py3.10.egg-info/top_level.txt
/home/strikeps/Desktop/IITKGP/Summer/asv_ros2_ws/install/xsens_mti_driver/lib/python3.10/site-packages/xsens_mti_driver-0.0.0-py3.10.egg-info/SOURCES.txt
/home/strikeps/Desktop/IITKGP/Summer/asv_ros2_ws/install/xsens_mti_driver/lib/xsens_mti_driver/xsens_imu_node
/home/strikeps/Desktop/IITKGP/Summer/asv_ros2_ws/install/xsens_mti_driver/lib/xsens_mti_driver/xsens_imu_node_tester
