[0.011s] Invoking command in '/home/strikeps/Desktop/IITKGP/Summer/asv_ros2_ws/build/asv_localization_interfaces': CMAKE_PREFIX_PATH=/opt/ros/humble /usr/bin/cmake /home/strikeps/Desktop/IITKGP/Summer/asv_ros2_ws/src/asv_localization_interfaces -DCMAKE_INSTALL_PREFIX=/home/strikeps/Desktop/IITKGP/Summer/asv_ros2_ws/install/asv_localization_interfaces
[0.235s] -- The C compiler identification is GNU 11.4.0
[0.235s] -- The CXX compiler identification is GNU 11.4.0
[0.236s] -- Detecting C compiler ABI info
[0.236s] -- Detecting C compiler ABI info - done
[0.236s] -- Check for working C compiler: /usr/bin/cc - skipped
[0.236s] -- Detecting C compile features
[0.236s] -- Detecting C compile features - done
[0.236s] -- Detecting CXX compiler ABI info
[0.260s] -- Detecting CXX compiler ABI info - done
[0.270s] -- Check for working CXX compiler: /usr/bin/c++ - skipped
[0.270s] -- Detecting CXX compile features
[0.270s] -- Detecting CXX compile features - done
[0.273s] -- Found ament_cmake: 1.3.12 (/opt/ros/humble/share/ament_cmake/cmake)
[0.843s] -- Found Python3: /usr/bin/python3 (found version "3.10.12") found components: Interpreter 
[0.940s] -- Found rosidl_default_generators: 1.2.0 (/opt/ros/humble/share/rosidl_default_generators/cmake)
[0.943s] -- Using all available rosidl_typesupport_c: rosidl_typesupport_fastrtps_c;rosidl_typesupport_introspection_c
[0.949s] -- Found rosidl_adapter: 3.1.7 (/opt/ros/humble/share/rosidl_adapter/cmake)
[0.992s] -- Using all available rosidl_typesupport_cpp: rosidl_typesupport_fastrtps_cpp;rosidl_typesupport_introspection_cpp
[1.027s] -- Found std_msgs: 4.9.0 (/opt/ros/humble/share/std_msgs/cmake)
[1.057s] -- Found geometry_msgs: 4.9.0 (/opt/ros/humble/share/geometry_msgs/cmake)
[1.311s] -- Found ament_cmake_ros: 0.10.0 (/opt/ros/humble/share/ament_cmake_ros/cmake)
[1.494s] -- Using all available rosidl_typesupport_c: rosidl_typesupport_fastrtps_c;rosidl_typesupport_introspection_c
[1.712s] -- Using all available rosidl_typesupport_cpp: rosidl_typesupport_fastrtps_cpp;rosidl_typesupport_introspection_cpp
[1.727s] -- Found PythonInterp: /usr/bin/python3 (found suitable version "3.10.12", minimum required is "3.6") 
[1.727s] -- Found python_cmake_module: 0.10.0 (/opt/ros/humble/share/python_cmake_module/cmake)
[1.742s] -- Found PythonLibs: /usr/lib/x86_64-linux-gnu/libpython3.10.so (found suitable version "3.10.12", minimum required is "3.5") 
[1.742s] -- Using PYTHON_EXECUTABLE: /usr/bin/python3
[1.742s] -- Using PYTHON_INCLUDE_DIRS: /usr/include/python3.10
[1.743s] -- Using PYTHON_LIBRARIES: /usr/lib/x86_64-linux-gnu/libpython3.10.so
[1.754s] -- Found PythonExtra: .so  
[1.790s] -- Found ament_lint_auto: 0.12.14 (/opt/ros/humble/share/ament_lint_auto/cmake)
[1.799s] -- Added test 'lint_cmake' to check CMake code style
[1.799s] -- Added test 'xmllint' to check XML markup files
[1.801s] -- Configuring done
[1.822s] -- Generating done
[1.829s] -- Build files have been written to: /home/strikeps/Desktop/IITKGP/Summer/asv_ros2_ws/build/asv_localization_interfaces
[1.835s] Invoked command in '/home/strikeps/Desktop/IITKGP/Summer/asv_ros2_ws/build/asv_localization_interfaces' returned '0': CMAKE_PREFIX_PATH=/opt/ros/humble /usr/bin/cmake /home/strikeps/Desktop/IITKGP/Summer/asv_ros2_ws/src/asv_localization_interfaces -DCMAKE_INSTALL_PREFIX=/home/strikeps/Desktop/IITKGP/Summer/asv_ros2_ws/install/asv_localization_interfaces
[1.837s] Invoking command in '/home/strikeps/Desktop/IITKGP/Summer/asv_ros2_ws/build/asv_localization_interfaces': CMAKE_PREFIX_PATH=/opt/ros/humble /usr/bin/cmake --build /home/strikeps/Desktop/IITKGP/Summer/asv_ros2_ws/build/asv_localization_interfaces -- -j12 -l12
[1.887s] [  2%] [34m[1mGenerating C code for ROS interfaces[0m
[1.898s] [  5%] [34m[1mGenerating C++ code for ROS interfaces[0m
[1.903s] [  5%] Built target ament_cmake_python_copy_asv_localization_interfaces
[2.112s] running egg_info
[2.112s] creating asv_localization_interfaces.egg-info
[2.118s] [  5%] Built target asv_localization_interfaces__cpp
[2.126s] [  7%] [34m[1mGenerating C++ introspection for ROS interfaces[0m
[2.129s] [ 12%] [34m[1mGenerating C++ type support dispatch for ROS interfaces[0m
[2.129s] [ 12%] [34m[1mGenerating C++ type support for eProsima Fast-RTPS[0m
[2.130s] writing asv_localization_interfaces.egg-info/PKG-INFO
[2.130s] writing dependency_links to asv_localization_interfaces.egg-info/dependency_links.txt
[2.130s] writing top-level names to asv_localization_interfaces.egg-info/top_level.txt
[2.130s] writing manifest file 'asv_localization_interfaces.egg-info/SOURCES.txt'
[2.182s] reading manifest file 'asv_localization_interfaces.egg-info/SOURCES.txt'
[2.183s] writing manifest file 'asv_localization_interfaces.egg-info/SOURCES.txt'
[2.228s] [ 12%] Built target ament_cmake_python_build_asv_localization_interfaces_egg
[2.301s] [ 17%] [32mBuilding C object CMakeFiles/asv_localization_interfaces__rosidl_generator_c.dir/rosidl_generator_c/asv_localization_interfaces/msg/detail/bias_state_estimate__functions.c.o[0m
[2.301s] [ 17%] [32mBuilding C object CMakeFiles/asv_localization_interfaces__rosidl_generator_c.dir/rosidl_generator_c/asv_localization_interfaces/msg/detail/state_estimate__functions.c.o[0m
[2.341s] [ 23%] [32mBuilding CXX object CMakeFiles/asv_localization_interfaces__rosidl_typesupport_introspection_cpp.dir/rosidl_typesupport_introspection_cpp/asv_localization_interfaces/msg/detail/bias_state_estimate__type_support.cpp.o[0m
[2.341s] [ 23%] [32mBuilding CXX object CMakeFiles/asv_localization_interfaces__rosidl_typesupport_introspection_cpp.dir/rosidl_typesupport_introspection_cpp/asv_localization_interfaces/msg/detail/state_estimate__type_support.cpp.o[0m
[2.359s] [ 25%] [32m[1mLinking C shared library libasv_localization_interfaces__rosidl_generator_c.so[0m
[2.359s] [ 28%] [32mBuilding CXX object CMakeFiles/asv_localization_interfaces__rosidl_typesupport_fastrtps_cpp.dir/rosidl_typesupport_fastrtps_cpp/asv_localization_interfaces/msg/detail/dds_fastrtps/state_estimate__type_support.cpp.o[0m
[2.359s] [ 30%] [32mBuilding CXX object CMakeFiles/asv_localization_interfaces__rosidl_typesupport_fastrtps_cpp.dir/rosidl_typesupport_fastrtps_cpp/asv_localization_interfaces/msg/detail/dds_fastrtps/bias_state_estimate__type_support.cpp.o[0m
[2.397s] [ 30%] Built target asv_localization_interfaces__rosidl_generator_c
[2.409s] [ 38%] [34m[1mGenerating C type support for eProsima Fast-RTPS[0m
[2.409s] [ 38%] [34m[1mGenerating C type support dispatch for ROS interfaces[0m
[2.409s] [ 38%] [34m[1mGenerating C introspection for ROS interfaces[0m
[2.493s] [ 43%] [32mBuilding CXX object CMakeFiles/asv_localization_interfaces__rosidl_typesupport_cpp.dir/rosidl_typesupport_cpp/asv_localization_interfaces/msg/bias_state_estimate__type_support.cpp.o[0m
[2.493s] [ 43%] [32mBuilding CXX object CMakeFiles/asv_localization_interfaces__rosidl_typesupport_cpp.dir/rosidl_typesupport_cpp/asv_localization_interfaces/msg/state_estimate__type_support.cpp.o[0m
[2.664s] [ 46%] [32m[1mLinking CXX shared library libasv_localization_interfaces__rosidl_typesupport_introspection_cpp.so[0m
[2.723s] [ 46%] Built target asv_localization_interfaces__rosidl_typesupport_introspection_cpp
[2.754s] [ 48%] [32mBuilding CXX object CMakeFiles/asv_localization_interfaces__rosidl_typesupport_c.dir/rosidl_typesupport_c/asv_localization_interfaces/msg/state_estimate__type_support.cpp.o[0m
[2.754s] [ 51%] [32mBuilding CXX object CMakeFiles/asv_localization_interfaces__rosidl_typesupport_c.dir/rosidl_typesupport_c/asv_localization_interfaces/msg/bias_state_estimate__type_support.cpp.o[0m
[2.774s] [ 53%] [32m[1mLinking CXX shared library libasv_localization_interfaces__rosidl_typesupport_cpp.so[0m
[2.783s] [ 56%] [32m[1mLinking CXX shared library libasv_localization_interfaces__rosidl_typesupport_c.so[0m
[2.815s] [ 56%] Built target asv_localization_interfaces__rosidl_typesupport_cpp
[2.819s] [ 58%] [32mBuilding C object CMakeFiles/asv_localization_interfaces__rosidl_typesupport_introspection_c.dir/rosidl_typesupport_introspection_c/asv_localization_interfaces/msg/detail/state_estimate__type_support.c.o[0m
[2.819s] [ 61%] [32mBuilding C object CMakeFiles/asv_localization_interfaces__rosidl_typesupport_introspection_c.dir/rosidl_typesupport_introspection_c/asv_localization_interfaces/msg/detail/bias_state_estimate__type_support.c.o[0m
[2.825s] [ 64%] [32mBuilding CXX object CMakeFiles/asv_localization_interfaces__rosidl_typesupport_fastrtps_c.dir/rosidl_typesupport_fastrtps_c/asv_localization_interfaces/msg/detail/bias_state_estimate__type_support_c.cpp.o[0m
[2.827s] [ 66%] [32mBuilding CXX object CMakeFiles/asv_localization_interfaces__rosidl_typesupport_fastrtps_c.dir/rosidl_typesupport_fastrtps_c/asv_localization_interfaces/msg/detail/state_estimate__type_support_c.cpp.o[0m
[2.828s] [ 66%] Built target asv_localization_interfaces__rosidl_typesupport_c
[2.858s] [ 69%] [32m[1mLinking CXX shared library libasv_localization_interfaces__rosidl_typesupport_fastrtps_cpp.so[0m
[2.862s] [ 71%] [32m[1mLinking C shared library libasv_localization_interfaces__rosidl_typesupport_introspection_c.so[0m
[2.897s] [ 71%] Built target asv_localization_interfaces__rosidl_typesupport_introspection_c
[2.943s] [ 71%] Built target asv_localization_interfaces__rosidl_typesupport_fastrtps_cpp
[3.041s] [ 74%] [32m[1mLinking CXX shared library libasv_localization_interfaces__rosidl_typesupport_fastrtps_c.so[0m
[3.112s] [ 74%] Built target asv_localization_interfaces__rosidl_typesupport_fastrtps_c
[3.140s] [ 74%] Built target asv_localization_interfaces
[3.167s] [ 76%] [34m[1mGenerating Python code for ROS interfaces[0m
[3.465s] [ 76%] Built target asv_localization_interfaces__py
[3.483s] [ 79%] [32mBuilding C object CMakeFiles/asv_localization_interfaces__rosidl_generator_py.dir/rosidl_generator_py/asv_localization_interfaces/msg/_bias_state_estimate_s.c.o[0m
[3.484s] [ 82%] [32mBuilding C object CMakeFiles/asv_localization_interfaces__rosidl_generator_py.dir/rosidl_generator_py/asv_localization_interfaces/msg/_state_estimate_s.c.o[0m
[3.561s] [ 84%] [32m[1mLinking C shared library rosidl_generator_py/asv_localization_interfaces/libasv_localization_interfaces__rosidl_generator_py.so[0m
[3.612s] [ 84%] Built target asv_localization_interfaces__rosidl_generator_py
[3.636s] [ 87%] [32mBuilding C object CMakeFiles/asv_localization_interfaces__rosidl_typesupport_introspection_c__pyext.dir/rosidl_generator_py/asv_localization_interfaces/_asv_localization_interfaces_s.ep.rosidl_typesupport_introspection_c.c.o[0m
[3.637s] [ 89%] [32mBuilding C object CMakeFiles/asv_localization_interfaces__rosidl_typesupport_c__pyext.dir/rosidl_generator_py/asv_localization_interfaces/_asv_localization_interfaces_s.ep.rosidl_typesupport_c.c.o[0m
[3.637s] [ 92%] [32mBuilding C object CMakeFiles/asv_localization_interfaces__rosidl_typesupport_fastrtps_c__pyext.dir/rosidl_generator_py/asv_localization_interfaces/_asv_localization_interfaces_s.ep.rosidl_typesupport_fastrtps_c.c.o[0m
[3.705s] [ 94%] [32m[1mLinking C shared library rosidl_generator_py/asv_localization_interfaces/asv_localization_interfaces_s__rosidl_typesupport_c.cpython-310-x86_64-linux-gnu.so[0m
[3.705s] [ 97%] [32m[1mLinking C shared library rosidl_generator_py/asv_localization_interfaces/asv_localization_interfaces_s__rosidl_typesupport_introspection_c.cpython-310-x86_64-linux-gnu.so[0m
[3.742s] [ 97%] Built target asv_localization_interfaces__rosidl_typesupport_introspection_c__pyext
[3.745s] [ 97%] Built target asv_localization_interfaces__rosidl_typesupport_c__pyext
[3.748s] [100%] [32m[1mLinking C shared library rosidl_generator_py/asv_localization_interfaces/asv_localization_interfaces_s__rosidl_typesupport_fastrtps_c.cpython-310-x86_64-linux-gnu.so[0m
[3.794s] [100%] Built target asv_localization_interfaces__rosidl_typesupport_fastrtps_c__pyext
[3.809s] Invoked command in '/home/strikeps/Desktop/IITKGP/Summer/asv_ros2_ws/build/asv_localization_interfaces' returned '0': CMAKE_PREFIX_PATH=/opt/ros/humble /usr/bin/cmake --build /home/strikeps/Desktop/IITKGP/Summer/asv_ros2_ws/build/asv_localization_interfaces -- -j12 -l12
[3.823s] Invoking command in '/home/strikeps/Desktop/IITKGP/Summer/asv_ros2_ws/build/asv_localization_interfaces': CMAKE_PREFIX_PATH=/opt/ros/humble /usr/bin/cmake --install /home/strikeps/Desktop/IITKGP/Summer/asv_ros2_ws/build/asv_localization_interfaces
[3.833s] -- Install configuration: ""
[3.834s] -- Installing: /home/strikeps/Desktop/IITKGP/Summer/asv_ros2_ws/install/asv_localization_interfaces/share/ament_index/resource_index/rosidl_interfaces/asv_localization_interfaces
[3.834s] -- Installing: /home/strikeps/Desktop/IITKGP/Summer/asv_ros2_ws/install/asv_localization_interfaces/include/asv_localization_interfaces/asv_localization_interfaces
[3.834s] -- Installing: /home/strikeps/Desktop/IITKGP/Summer/asv_ros2_ws/install/asv_localization_interfaces/include/asv_localization_interfaces/asv_localization_interfaces/msg
[3.834s] -- Installing: /home/strikeps/Desktop/IITKGP/Summer/asv_ros2_ws/install/asv_localization_interfaces/include/asv_localization_interfaces/asv_localization_interfaces/msg/detail
[3.834s] -- Installing: /home/strikeps/Desktop/IITKGP/Summer/asv_ros2_ws/install/asv_localization_interfaces/include/asv_localization_interfaces/asv_localization_interfaces/msg/detail/state_estimate__functions.c
[3.834s] -- Installing: /home/strikeps/Desktop/IITKGP/Summer/asv_ros2_ws/install/asv_localization_interfaces/include/asv_localization_interfaces/asv_localization_interfaces/msg/detail/bias_state_estimate__functions.h
[3.835s] -- Installing: /home/strikeps/Desktop/IITKGP/Summer/asv_ros2_ws/install/asv_localization_interfaces/include/asv_localization_interfaces/asv_localization_interfaces/msg/detail/state_estimate__struct.h
[3.835s] -- Installing: /home/strikeps/Desktop/IITKGP/Summer/asv_ros2_ws/install/asv_localization_interfaces/include/asv_localization_interfaces/asv_localization_interfaces/msg/detail/bias_state_estimate__type_support.h
[3.835s] -- Installing: /home/strikeps/Desktop/IITKGP/Summer/asv_ros2_ws/install/asv_localization_interfaces/include/asv_localization_interfaces/asv_localization_interfaces/msg/detail/state_estimate__functions.h
[3.835s] -- Installing: /home/strikeps/Desktop/IITKGP/Summer/asv_ros2_ws/install/asv_localization_interfaces/include/asv_localization_interfaces/asv_localization_interfaces/msg/detail/bias_state_estimate__struct.h
[3.835s] -- Installing: /home/strikeps/Desktop/IITKGP/Summer/asv_ros2_ws/install/asv_localization_interfaces/include/asv_localization_interfaces/asv_localization_interfaces/msg/detail/bias_state_estimate__functions.c
[3.835s] -- Installing: /home/strikeps/Desktop/IITKGP/Summer/asv_ros2_ws/install/asv_localization_interfaces/include/asv_localization_interfaces/asv_localization_interfaces/msg/detail/state_estimate__type_support.h
[3.835s] -- Installing: /home/strikeps/Desktop/IITKGP/Summer/asv_ros2_ws/install/asv_localization_interfaces/include/asv_localization_interfaces/asv_localization_interfaces/msg/bias_state_estimate.h
[3.836s] -- Installing: /home/strikeps/Desktop/IITKGP/Summer/asv_ros2_ws/install/asv_localization_interfaces/include/asv_localization_interfaces/asv_localization_interfaces/msg/rosidl_generator_c__visibility_control.h
[3.836s] -- Installing: /home/strikeps/Desktop/IITKGP/Summer/asv_ros2_ws/install/asv_localization_interfaces/include/asv_localization_interfaces/asv_localization_interfaces/msg/state_estimate.h
[3.836s] -- Installing: /home/strikeps/Desktop/IITKGP/Summer/asv_ros2_ws/install/asv_localization_interfaces/share/asv_localization_interfaces/environment/library_path.sh
[3.836s] -- Installing: /home/strikeps/Desktop/IITKGP/Summer/asv_ros2_ws/install/asv_localization_interfaces/share/asv_localization_interfaces/environment/library_path.dsv
[3.837s] -- Installing: /home/strikeps/Desktop/IITKGP/Summer/asv_ros2_ws/install/asv_localization_interfaces/lib/libasv_localization_interfaces__rosidl_generator_c.so
[3.837s] -- Set runtime path of "/home/strikeps/Desktop/IITKGP/Summer/asv_ros2_ws/install/asv_localization_interfaces/lib/libasv_localization_interfaces__rosidl_generator_c.so" to ""
[3.838s] -- Up-to-date: /home/strikeps/Desktop/IITKGP/Summer/asv_ros2_ws/install/asv_localization_interfaces/include/asv_localization_interfaces/asv_localization_interfaces
[3.838s] -- Up-to-date: /home/strikeps/Desktop/IITKGP/Summer/asv_ros2_ws/install/asv_localization_interfaces/include/asv_localization_interfaces/asv_localization_interfaces/msg
[3.838s] -- Up-to-date: /home/strikeps/Desktop/IITKGP/Summer/asv_ros2_ws/install/asv_localization_interfaces/include/asv_localization_interfaces/asv_localization_interfaces/msg/detail
[3.838s] -- Installing: /home/strikeps/Desktop/IITKGP/Summer/asv_ros2_ws/install/asv_localization_interfaces/include/asv_localization_interfaces/asv_localization_interfaces/msg/detail/bias_state_estimate__rosidl_typesupport_fastrtps_c.h
[3.838s] -- Installing: /home/strikeps/Desktop/IITKGP/Summer/asv_ros2_ws/install/asv_localization_interfaces/include/asv_localization_interfaces/asv_localization_interfaces/msg/detail/state_estimate__rosidl_typesupport_fastrtps_c.h
[3.838s] -- Installing: /home/strikeps/Desktop/IITKGP/Summer/asv_ros2_ws/install/asv_localization_interfaces/include/asv_localization_interfaces/asv_localization_interfaces/msg/rosidl_typesupport_fastrtps_c__visibility_control.h
[3.838s] -- Installing: /home/strikeps/Desktop/IITKGP/Summer/asv_ros2_ws/install/asv_localization_interfaces/lib/libasv_localization_interfaces__rosidl_typesupport_fastrtps_c.so
[3.839s] -- Set runtime path of "/home/strikeps/Desktop/IITKGP/Summer/asv_ros2_ws/install/asv_localization_interfaces/lib/libasv_localization_interfaces__rosidl_typesupport_fastrtps_c.so" to ""
[3.839s] -- Up-to-date: /home/strikeps/Desktop/IITKGP/Summer/asv_ros2_ws/install/asv_localization_interfaces/include/asv_localization_interfaces/asv_localization_interfaces
[3.839s] -- Up-to-date: /home/strikeps/Desktop/IITKGP/Summer/asv_ros2_ws/install/asv_localization_interfaces/include/asv_localization_interfaces/asv_localization_interfaces/msg
[3.839s] -- Up-to-date: /home/strikeps/Desktop/IITKGP/Summer/asv_ros2_ws/install/asv_localization_interfaces/include/asv_localization_interfaces/asv_localization_interfaces/msg/detail
[3.839s] -- Installing: /home/strikeps/Desktop/IITKGP/Summer/asv_ros2_ws/install/asv_localization_interfaces/include/asv_localization_interfaces/asv_localization_interfaces/msg/detail/bias_state_estimate__type_support.c
[3.839s] -- Installing: /home/strikeps/Desktop/IITKGP/Summer/asv_ros2_ws/install/asv_localization_interfaces/include/asv_localization_interfaces/asv_localization_interfaces/msg/detail/state_estimate__type_support.c
[3.839s] -- Installing: /home/strikeps/Desktop/IITKGP/Summer/asv_ros2_ws/install/asv_localization_interfaces/include/asv_localization_interfaces/asv_localization_interfaces/msg/detail/state_estimate__rosidl_typesupport_introspection_c.h
[3.839s] -- Installing: /home/strikeps/Desktop/IITKGP/Summer/asv_ros2_ws/install/asv_localization_interfaces/include/asv_localization_interfaces/asv_localization_interfaces/msg/detail/bias_state_estimate__rosidl_typesupport_introspection_c.h
[3.839s] -- Installing: /home/strikeps/Desktop/IITKGP/Summer/asv_ros2_ws/install/asv_localization_interfaces/include/asv_localization_interfaces/asv_localization_interfaces/msg/rosidl_typesupport_introspection_c__visibility_control.h
[3.839s] -- Installing: /home/strikeps/Desktop/IITKGP/Summer/asv_ros2_ws/install/asv_localization_interfaces/lib/libasv_localization_interfaces__rosidl_typesupport_introspection_c.so
[3.840s] -- Set runtime path of "/home/strikeps/Desktop/IITKGP/Summer/asv_ros2_ws/install/asv_localization_interfaces/lib/libasv_localization_interfaces__rosidl_typesupport_introspection_c.so" to ""
[3.840s] -- Installing: /home/strikeps/Desktop/IITKGP/Summer/asv_ros2_ws/install/asv_localization_interfaces/lib/libasv_localization_interfaces__rosidl_typesupport_c.so
[3.840s] -- Set runtime path of "/home/strikeps/Desktop/IITKGP/Summer/asv_ros2_ws/install/asv_localization_interfaces/lib/libasv_localization_interfaces__rosidl_typesupport_c.so" to ""
[3.840s] -- Up-to-date: /home/strikeps/Desktop/IITKGP/Summer/asv_ros2_ws/install/asv_localization_interfaces/include/asv_localization_interfaces/asv_localization_interfaces
[3.840s] -- Up-to-date: /home/strikeps/Desktop/IITKGP/Summer/asv_ros2_ws/install/asv_localization_interfaces/include/asv_localization_interfaces/asv_localization_interfaces/msg
[3.840s] -- Up-to-date: /home/strikeps/Desktop/IITKGP/Summer/asv_ros2_ws/install/asv_localization_interfaces/include/asv_localization_interfaces/asv_localization_interfaces/msg/detail
[3.841s] -- Installing: /home/strikeps/Desktop/IITKGP/Summer/asv_ros2_ws/install/asv_localization_interfaces/include/asv_localization_interfaces/asv_localization_interfaces/msg/detail/bias_state_estimate__struct.hpp
[3.841s] -- Installing: /home/strikeps/Desktop/IITKGP/Summer/asv_ros2_ws/install/asv_localization_interfaces/include/asv_localization_interfaces/asv_localization_interfaces/msg/detail/state_estimate__struct.hpp
[3.841s] -- Installing: /home/strikeps/Desktop/IITKGP/Summer/asv_ros2_ws/install/asv_localization_interfaces/include/asv_localization_interfaces/asv_localization_interfaces/msg/detail/state_estimate__builder.hpp
[3.841s] -- Installing: /home/strikeps/Desktop/IITKGP/Summer/asv_ros2_ws/install/asv_localization_interfaces/include/asv_localization_interfaces/asv_localization_interfaces/msg/detail/bias_state_estimate__builder.hpp
[3.841s] -- Installing: /home/strikeps/Desktop/IITKGP/Summer/asv_ros2_ws/install/asv_localization_interfaces/include/asv_localization_interfaces/asv_localization_interfaces/msg/detail/state_estimate__traits.hpp
[3.841s] -- Installing: /home/strikeps/Desktop/IITKGP/Summer/asv_ros2_ws/install/asv_localization_interfaces/include/asv_localization_interfaces/asv_localization_interfaces/msg/detail/bias_state_estimate__type_support.hpp
[3.841s] -- Installing: /home/strikeps/Desktop/IITKGP/Summer/asv_ros2_ws/install/asv_localization_interfaces/include/asv_localization_interfaces/asv_localization_interfaces/msg/detail/bias_state_estimate__traits.hpp
[3.841s] -- Installing: /home/strikeps/Desktop/IITKGP/Summer/asv_ros2_ws/install/asv_localization_interfaces/include/asv_localization_interfaces/asv_localization_interfaces/msg/detail/state_estimate__type_support.hpp
[3.841s] -- Installing: /home/strikeps/Desktop/IITKGP/Summer/asv_ros2_ws/install/asv_localization_interfaces/include/asv_localization_interfaces/asv_localization_interfaces/msg/rosidl_generator_cpp__visibility_control.hpp
[3.842s] -- Installing: /home/strikeps/Desktop/IITKGP/Summer/asv_ros2_ws/install/asv_localization_interfaces/include/asv_localization_interfaces/asv_localization_interfaces/msg/state_estimate.hpp
[3.842s] -- Installing: /home/strikeps/Desktop/IITKGP/Summer/asv_ros2_ws/install/asv_localization_interfaces/include/asv_localization_interfaces/asv_localization_interfaces/msg/bias_state_estimate.hpp
[3.842s] -- Up-to-date: /home/strikeps/Desktop/IITKGP/Summer/asv_ros2_ws/install/asv_localization_interfaces/include/asv_localization_interfaces/asv_localization_interfaces
[3.842s] -- Up-to-date: /home/strikeps/Desktop/IITKGP/Summer/asv_ros2_ws/install/asv_localization_interfaces/include/asv_localization_interfaces/asv_localization_interfaces/msg
[3.842s] -- Up-to-date: /home/strikeps/Desktop/IITKGP/Summer/asv_ros2_ws/install/asv_localization_interfaces/include/asv_localization_interfaces/asv_localization_interfaces/msg/detail
[3.842s] -- Installing: /home/strikeps/Desktop/IITKGP/Summer/asv_ros2_ws/install/asv_localization_interfaces/include/asv_localization_interfaces/asv_localization_interfaces/msg/detail/state_estimate__rosidl_typesupport_fastrtps_cpp.hpp
[3.842s] -- Installing: /home/strikeps/Desktop/IITKGP/Summer/asv_ros2_ws/install/asv_localization_interfaces/include/asv_localization_interfaces/asv_localization_interfaces/msg/detail/dds_fastrtps
[3.842s] -- Installing: /home/strikeps/Desktop/IITKGP/Summer/asv_ros2_ws/install/asv_localization_interfaces/include/asv_localization_interfaces/asv_localization_interfaces/msg/detail/bias_state_estimate__rosidl_typesupport_fastrtps_cpp.hpp
[3.842s] -- Installing: /home/strikeps/Desktop/IITKGP/Summer/asv_ros2_ws/install/asv_localization_interfaces/include/asv_localization_interfaces/asv_localization_interfaces/msg/rosidl_typesupport_fastrtps_cpp__visibility_control.h
[3.842s] -- Installing: /home/strikeps/Desktop/IITKGP/Summer/asv_ros2_ws/install/asv_localization_interfaces/lib/libasv_localization_interfaces__rosidl_typesupport_fastrtps_cpp.so
[3.843s] -- Set runtime path of "/home/strikeps/Desktop/IITKGP/Summer/asv_ros2_ws/install/asv_localization_interfaces/lib/libasv_localization_interfaces__rosidl_typesupport_fastrtps_cpp.so" to ""
[3.843s] -- Up-to-date: /home/strikeps/Desktop/IITKGP/Summer/asv_ros2_ws/install/asv_localization_interfaces/include/asv_localization_interfaces/asv_localization_interfaces
[3.843s] -- Up-to-date: /home/strikeps/Desktop/IITKGP/Summer/asv_ros2_ws/install/asv_localization_interfaces/include/asv_localization_interfaces/asv_localization_interfaces/msg
[3.843s] -- Up-to-date: /home/strikeps/Desktop/IITKGP/Summer/asv_ros2_ws/install/asv_localization_interfaces/include/asv_localization_interfaces/asv_localization_interfaces/msg/detail
[3.843s] -- Installing: /home/strikeps/Desktop/IITKGP/Summer/asv_ros2_ws/install/asv_localization_interfaces/include/asv_localization_interfaces/asv_localization_interfaces/msg/detail/state_estimate__rosidl_typesupport_introspection_cpp.hpp
[3.843s] -- Installing: /home/strikeps/Desktop/IITKGP/Summer/asv_ros2_ws/install/asv_localization_interfaces/include/asv_localization_interfaces/asv_localization_interfaces/msg/detail/bias_state_estimate__rosidl_typesupport_introspection_cpp.hpp
[3.843s] -- Installing: /home/strikeps/Desktop/IITKGP/Summer/asv_ros2_ws/install/asv_localization_interfaces/include/asv_localization_interfaces/asv_localization_interfaces/msg/detail/state_estimate__type_support.cpp
[3.844s] -- Installing: /home/strikeps/Desktop/IITKGP/Summer/asv_ros2_ws/install/asv_localization_interfaces/include/asv_localization_interfaces/asv_localization_interfaces/msg/detail/bias_state_estimate__type_support.cpp
[3.844s] -- Installing: /home/strikeps/Desktop/IITKGP/Summer/asv_ros2_ws/install/asv_localization_interfaces/lib/libasv_localization_interfaces__rosidl_typesupport_introspection_cpp.so
[3.844s] -- Set runtime path of "/home/strikeps/Desktop/IITKGP/Summer/asv_ros2_ws/install/asv_localization_interfaces/lib/libasv_localization_interfaces__rosidl_typesupport_introspection_cpp.so" to ""
[3.844s] -- Installing: /home/strikeps/Desktop/IITKGP/Summer/asv_ros2_ws/install/asv_localization_interfaces/lib/libasv_localization_interfaces__rosidl_typesupport_cpp.so
[3.844s] -- Set runtime path of "/home/strikeps/Desktop/IITKGP/Summer/asv_ros2_ws/install/asv_localization_interfaces/lib/libasv_localization_interfaces__rosidl_typesupport_cpp.so" to ""
[3.844s] -- Installing: /home/strikeps/Desktop/IITKGP/Summer/asv_ros2_ws/install/asv_localization_interfaces/share/asv_localization_interfaces/environment/pythonpath.sh
[3.844s] -- Installing: /home/strikeps/Desktop/IITKGP/Summer/asv_ros2_ws/install/asv_localization_interfaces/share/asv_localization_interfaces/environment/pythonpath.dsv
[3.844s] -- Installing: /home/strikeps/Desktop/IITKGP/Summer/asv_ros2_ws/install/asv_localization_interfaces/local/lib/python3.10/dist-packages/asv_localization_interfaces-0.0.0-py3.10.egg-info
[3.845s] -- Installing: /home/strikeps/Desktop/IITKGP/Summer/asv_ros2_ws/install/asv_localization_interfaces/local/lib/python3.10/dist-packages/asv_localization_interfaces-0.0.0-py3.10.egg-info/dependency_links.txt
[3.845s] -- Installing: /home/strikeps/Desktop/IITKGP/Summer/asv_ros2_ws/install/asv_localization_interfaces/local/lib/python3.10/dist-packages/asv_localization_interfaces-0.0.0-py3.10.egg-info/PKG-INFO
[3.845s] -- Installing: /home/strikeps/Desktop/IITKGP/Summer/asv_ros2_ws/install/asv_localization_interfaces/local/lib/python3.10/dist-packages/asv_localization_interfaces-0.0.0-py3.10.egg-info/top_level.txt
[3.845s] -- Installing: /home/strikeps/Desktop/IITKGP/Summer/asv_ros2_ws/install/asv_localization_interfaces/local/lib/python3.10/dist-packages/asv_localization_interfaces-0.0.0-py3.10.egg-info/SOURCES.txt
[3.845s] -- Installing: /home/strikeps/Desktop/IITKGP/Summer/asv_ros2_ws/install/asv_localization_interfaces/local/lib/python3.10/dist-packages/asv_localization_interfaces
[3.845s] -- Installing: /home/strikeps/Desktop/IITKGP/Summer/asv_ros2_ws/install/asv_localization_interfaces/local/lib/python3.10/dist-packages/asv_localization_interfaces/asv_localization_interfaces_s__rosidl_typesupport_fastrtps_c.cpython-310-x86_64-linux-gnu.so
[3.845s] -- Installing: /home/strikeps/Desktop/IITKGP/Summer/asv_ros2_ws/install/asv_localization_interfaces/local/lib/python3.10/dist-packages/asv_localization_interfaces/_asv_localization_interfaces_s.ep.rosidl_typesupport_c.c
[3.845s] -- Installing: /home/strikeps/Desktop/IITKGP/Summer/asv_ros2_ws/install/asv_localization_interfaces/local/lib/python3.10/dist-packages/asv_localization_interfaces/_asv_localization_interfaces_s.ep.rosidl_typesupport_fastrtps_c.c
[3.845s] -- Installing: /home/strikeps/Desktop/IITKGP/Summer/asv_ros2_ws/install/asv_localization_interfaces/local/lib/python3.10/dist-packages/asv_localization_interfaces/_asv_localization_interfaces_s.ep.rosidl_typesupport_introspection_c.c
[3.845s] -- Installing: /home/strikeps/Desktop/IITKGP/Summer/asv_ros2_ws/install/asv_localization_interfaces/local/lib/python3.10/dist-packages/asv_localization_interfaces/asv_localization_interfaces_s__rosidl_typesupport_c.cpython-310-x86_64-linux-gnu.so
[3.845s] -- Installing: /home/strikeps/Desktop/IITKGP/Summer/asv_ros2_ws/install/asv_localization_interfaces/local/lib/python3.10/dist-packages/asv_localization_interfaces/asv_localization_interfaces_s__rosidl_typesupport_introspection_c.cpython-310-x86_64-linux-gnu.so
[3.846s] -- Installing: /home/strikeps/Desktop/IITKGP/Summer/asv_ros2_ws/install/asv_localization_interfaces/local/lib/python3.10/dist-packages/asv_localization_interfaces/libasv_localization_interfaces__rosidl_generator_py.so
[3.846s] -- Installing: /home/strikeps/Desktop/IITKGP/Summer/asv_ros2_ws/install/asv_localization_interfaces/local/lib/python3.10/dist-packages/asv_localization_interfaces/__init__.py
[3.846s] -- Installing: /home/strikeps/Desktop/IITKGP/Summer/asv_ros2_ws/install/asv_localization_interfaces/local/lib/python3.10/dist-packages/asv_localization_interfaces/msg
[3.846s] -- Installing: /home/strikeps/Desktop/IITKGP/Summer/asv_ros2_ws/install/asv_localization_interfaces/local/lib/python3.10/dist-packages/asv_localization_interfaces/msg/_bias_state_estimate.py
[3.846s] -- Installing: /home/strikeps/Desktop/IITKGP/Summer/asv_ros2_ws/install/asv_localization_interfaces/local/lib/python3.10/dist-packages/asv_localization_interfaces/msg/_state_estimate.py
[3.846s] -- Installing: /home/strikeps/Desktop/IITKGP/Summer/asv_ros2_ws/install/asv_localization_interfaces/local/lib/python3.10/dist-packages/asv_localization_interfaces/msg/__init__.py
[3.846s] -- Installing: /home/strikeps/Desktop/IITKGP/Summer/asv_ros2_ws/install/asv_localization_interfaces/local/lib/python3.10/dist-packages/asv_localization_interfaces/msg/_bias_state_estimate_s.c
[3.846s] -- Installing: /home/strikeps/Desktop/IITKGP/Summer/asv_ros2_ws/install/asv_localization_interfaces/local/lib/python3.10/dist-packages/asv_localization_interfaces/msg/_state_estimate_s.c
[3.872s] Listing '/home/strikeps/Desktop/IITKGP/Summer/asv_ros2_ws/install/asv_localization_interfaces/local/lib/python3.10/dist-packages/asv_localization_interfaces'...
[3.872s] Compiling '/home/strikeps/Desktop/IITKGP/Summer/asv_ros2_ws/install/asv_localization_interfaces/local/lib/python3.10/dist-packages/asv_localization_interfaces/__init__.py'...
[3.872s] Listing '/home/strikeps/Desktop/IITKGP/Summer/asv_ros2_ws/install/asv_localization_interfaces/local/lib/python3.10/dist-packages/asv_localization_interfaces/msg'...
[3.873s] Compiling '/home/strikeps/Desktop/IITKGP/Summer/asv_ros2_ws/install/asv_localization_interfaces/local/lib/python3.10/dist-packages/asv_localization_interfaces/msg/__init__.py'...
[3.873s] Compiling '/home/strikeps/Desktop/IITKGP/Summer/asv_ros2_ws/install/asv_localization_interfaces/local/lib/python3.10/dist-packages/asv_localization_interfaces/msg/_bias_state_estimate.py'...
[3.873s] Compiling '/home/strikeps/Desktop/IITKGP/Summer/asv_ros2_ws/install/asv_localization_interfaces/local/lib/python3.10/dist-packages/asv_localization_interfaces/msg/_state_estimate.py'...
[3.875s] -- Installing: /home/strikeps/Desktop/IITKGP/Summer/asv_ros2_ws/install/asv_localization_interfaces/local/lib/python3.10/dist-packages/asv_localization_interfaces/asv_localization_interfaces_s__rosidl_typesupport_fastrtps_c.cpython-310-x86_64-linux-gnu.so
[3.876s] -- Set runtime path of "/home/strikeps/Desktop/IITKGP/Summer/asv_ros2_ws/install/asv_localization_interfaces/local/lib/python3.10/dist-packages/asv_localization_interfaces/asv_localization_interfaces_s__rosidl_typesupport_fastrtps_c.cpython-310-x86_64-linux-gnu.so" to ""
[3.876s] -- Installing: /home/strikeps/Desktop/IITKGP/Summer/asv_ros2_ws/install/asv_localization_interfaces/local/lib/python3.10/dist-packages/asv_localization_interfaces/asv_localization_interfaces_s__rosidl_typesupport_introspection_c.cpython-310-x86_64-linux-gnu.so
[3.876s] -- Set runtime path of "/home/strikeps/Desktop/IITKGP/Summer/asv_ros2_ws/install/asv_localization_interfaces/local/lib/python3.10/dist-packages/asv_localization_interfaces/asv_localization_interfaces_s__rosidl_typesupport_introspection_c.cpython-310-x86_64-linux-gnu.so" to ""
[3.876s] -- Installing: /home/strikeps/Desktop/IITKGP/Summer/asv_ros2_ws/install/asv_localization_interfaces/local/lib/python3.10/dist-packages/asv_localization_interfaces/asv_localization_interfaces_s__rosidl_typesupport_c.cpython-310-x86_64-linux-gnu.so
[3.876s] -- Set runtime path of "/home/strikeps/Desktop/IITKGP/Summer/asv_ros2_ws/install/asv_localization_interfaces/local/lib/python3.10/dist-packages/asv_localization_interfaces/asv_localization_interfaces_s__rosidl_typesupport_c.cpython-310-x86_64-linux-gnu.so" to ""
[3.876s] -- Installing: /home/strikeps/Desktop/IITKGP/Summer/asv_ros2_ws/install/asv_localization_interfaces/lib/libasv_localization_interfaces__rosidl_generator_py.so
[3.877s] -- Set runtime path of "/home/strikeps/Desktop/IITKGP/Summer/asv_ros2_ws/install/asv_localization_interfaces/lib/libasv_localization_interfaces__rosidl_generator_py.so" to ""
[3.877s] -- Installing: /home/strikeps/Desktop/IITKGP/Summer/asv_ros2_ws/install/asv_localization_interfaces/share/asv_localization_interfaces/msg/StateEstimate.idl
[3.877s] -- Installing: /home/strikeps/Desktop/IITKGP/Summer/asv_ros2_ws/install/asv_localization_interfaces/share/asv_localization_interfaces/msg/BiasStateEstimate.idl
[3.877s] -- Installing: /home/strikeps/Desktop/IITKGP/Summer/asv_ros2_ws/install/asv_localization_interfaces/share/asv_localization_interfaces/msg/StateEstimate.msg
[3.877s] -- Installing: /home/strikeps/Desktop/IITKGP/Summer/asv_ros2_ws/install/asv_localization_interfaces/share/asv_localization_interfaces/msg/BiasStateEstimate.msg
[3.877s] -- Installing: /home/strikeps/Desktop/IITKGP/Summer/asv_ros2_ws/install/asv_localization_interfaces/share/ament_index/resource_index/package_run_dependencies/asv_localization_interfaces
[3.877s] -- Installing: /home/strikeps/Desktop/IITKGP/Summer/asv_ros2_ws/install/asv_localization_interfaces/share/ament_index/resource_index/parent_prefix_path/asv_localization_interfaces
[3.877s] -- Installing: /home/strikeps/Desktop/IITKGP/Summer/asv_ros2_ws/install/asv_localization_interfaces/share/asv_localization_interfaces/environment/ament_prefix_path.sh
[3.877s] -- Installing: /home/strikeps/Desktop/IITKGP/Summer/asv_ros2_ws/install/asv_localization_interfaces/share/asv_localization_interfaces/environment/ament_prefix_path.dsv
[3.878s] -- Installing: /home/strikeps/Desktop/IITKGP/Summer/asv_ros2_ws/install/asv_localization_interfaces/share/asv_localization_interfaces/environment/path.sh
[3.878s] -- Installing: /home/strikeps/Desktop/IITKGP/Summer/asv_ros2_ws/install/asv_localization_interfaces/share/asv_localization_interfaces/environment/path.dsv
[3.878s] -- Installing: /home/strikeps/Desktop/IITKGP/Summer/asv_ros2_ws/install/asv_localization_interfaces/share/asv_localization_interfaces/local_setup.bash
[3.878s] -- Installing: /home/strikeps/Desktop/IITKGP/Summer/asv_ros2_ws/install/asv_localization_interfaces/share/asv_localization_interfaces/local_setup.sh
[3.878s] -- Installing: /home/strikeps/Desktop/IITKGP/Summer/asv_ros2_ws/install/asv_localization_interfaces/share/asv_localization_interfaces/local_setup.zsh
[3.878s] -- Installing: /home/strikeps/Desktop/IITKGP/Summer/asv_ros2_ws/install/asv_localization_interfaces/share/asv_localization_interfaces/local_setup.dsv
[3.878s] -- Installing: /home/strikeps/Desktop/IITKGP/Summer/asv_ros2_ws/install/asv_localization_interfaces/share/asv_localization_interfaces/package.dsv
[3.878s] -- Installing: /home/strikeps/Desktop/IITKGP/Summer/asv_ros2_ws/install/asv_localization_interfaces/share/ament_index/resource_index/packages/asv_localization_interfaces
[3.878s] -- Installing: /home/strikeps/Desktop/IITKGP/Summer/asv_ros2_ws/install/asv_localization_interfaces/share/asv_localization_interfaces/cmake/export_asv_localization_interfaces__rosidl_generator_cExport.cmake
[3.879s] -- Installing: /home/strikeps/Desktop/IITKGP/Summer/asv_ros2_ws/install/asv_localization_interfaces/share/asv_localization_interfaces/cmake/export_asv_localization_interfaces__rosidl_generator_cExport-noconfig.cmake
[3.879s] -- Installing: /home/strikeps/Desktop/IITKGP/Summer/asv_ros2_ws/install/asv_localization_interfaces/share/asv_localization_interfaces/cmake/export_asv_localization_interfaces__rosidl_typesupport_fastrtps_cExport.cmake
[3.879s] -- Installing: /home/strikeps/Desktop/IITKGP/Summer/asv_ros2_ws/install/asv_localization_interfaces/share/asv_localization_interfaces/cmake/export_asv_localization_interfaces__rosidl_typesupport_fastrtps_cExport-noconfig.cmake
[3.879s] -- Installing: /home/strikeps/Desktop/IITKGP/Summer/asv_ros2_ws/install/asv_localization_interfaces/share/asv_localization_interfaces/cmake/asv_localization_interfaces__rosidl_typesupport_introspection_cExport.cmake
[3.879s] -- Installing: /home/strikeps/Desktop/IITKGP/Summer/asv_ros2_ws/install/asv_localization_interfaces/share/asv_localization_interfaces/cmake/asv_localization_interfaces__rosidl_typesupport_introspection_cExport-noconfig.cmake
[3.879s] -- Installing: /home/strikeps/Desktop/IITKGP/Summer/asv_ros2_ws/install/asv_localization_interfaces/share/asv_localization_interfaces/cmake/asv_localization_interfaces__rosidl_typesupport_cExport.cmake
[3.879s] -- Installing: /home/strikeps/Desktop/IITKGP/Summer/asv_ros2_ws/install/asv_localization_interfaces/share/asv_localization_interfaces/cmake/asv_localization_interfaces__rosidl_typesupport_cExport-noconfig.cmake
[3.879s] -- Installing: /home/strikeps/Desktop/IITKGP/Summer/asv_ros2_ws/install/asv_localization_interfaces/share/asv_localization_interfaces/cmake/export_asv_localization_interfaces__rosidl_generator_cppExport.cmake
[3.879s] -- Installing: /home/strikeps/Desktop/IITKGP/Summer/asv_ros2_ws/install/asv_localization_interfaces/share/asv_localization_interfaces/cmake/export_asv_localization_interfaces__rosidl_typesupport_fastrtps_cppExport.cmake
[3.879s] -- Installing: /home/strikeps/Desktop/IITKGP/Summer/asv_ros2_ws/install/asv_localization_interfaces/share/asv_localization_interfaces/cmake/export_asv_localization_interfaces__rosidl_typesupport_fastrtps_cppExport-noconfig.cmake
[3.879s] -- Installing: /home/strikeps/Desktop/IITKGP/Summer/asv_ros2_ws/install/asv_localization_interfaces/share/asv_localization_interfaces/cmake/asv_localization_interfaces__rosidl_typesupport_introspection_cppExport.cmake
[3.879s] -- Installing: /home/strikeps/Desktop/IITKGP/Summer/asv_ros2_ws/install/asv_localization_interfaces/share/asv_localization_interfaces/cmake/asv_localization_interfaces__rosidl_typesupport_introspection_cppExport-noconfig.cmake
[3.880s] -- Installing: /home/strikeps/Desktop/IITKGP/Summer/asv_ros2_ws/install/asv_localization_interfaces/share/asv_localization_interfaces/cmake/asv_localization_interfaces__rosidl_typesupport_cppExport.cmake
[3.880s] -- Installing: /home/strikeps/Desktop/IITKGP/Summer/asv_ros2_ws/install/asv_localization_interfaces/share/asv_localization_interfaces/cmake/asv_localization_interfaces__rosidl_typesupport_cppExport-noconfig.cmake
[3.880s] -- Installing: /home/strikeps/Desktop/IITKGP/Summer/asv_ros2_ws/install/asv_localization_interfaces/share/asv_localization_interfaces/cmake/export_asv_localization_interfaces__rosidl_generator_pyExport.cmake
[3.880s] -- Installing: /home/strikeps/Desktop/IITKGP/Summer/asv_ros2_ws/install/asv_localization_interfaces/share/asv_localization_interfaces/cmake/export_asv_localization_interfaces__rosidl_generator_pyExport-noconfig.cmake
[3.880s] -- Installing: /home/strikeps/Desktop/IITKGP/Summer/asv_ros2_ws/install/asv_localization_interfaces/share/asv_localization_interfaces/cmake/rosidl_cmake-extras.cmake
[3.880s] -- Installing: /home/strikeps/Desktop/IITKGP/Summer/asv_ros2_ws/install/asv_localization_interfaces/share/asv_localization_interfaces/cmake/ament_cmake_export_dependencies-extras.cmake
[3.880s] -- Installing: /home/strikeps/Desktop/IITKGP/Summer/asv_ros2_ws/install/asv_localization_interfaces/share/asv_localization_interfaces/cmake/ament_cmake_export_include_directories-extras.cmake
[3.881s] -- Installing: /home/strikeps/Desktop/IITKGP/Summer/asv_ros2_ws/install/asv_localization_interfaces/share/asv_localization_interfaces/cmake/ament_cmake_export_libraries-extras.cmake
[3.881s] -- Installing: /home/strikeps/Desktop/IITKGP/Summer/asv_ros2_ws/install/asv_localization_interfaces/share/asv_localization_interfaces/cmake/ament_cmake_export_targets-extras.cmake
[3.882s] -- Installing: /home/strikeps/Desktop/IITKGP/Summer/asv_ros2_ws/install/asv_localization_interfaces/share/asv_localization_interfaces/cmake/rosidl_cmake_export_typesupport_targets-extras.cmake
[3.882s] -- Installing: /home/strikeps/Desktop/IITKGP/Summer/asv_ros2_ws/install/asv_localization_interfaces/share/asv_localization_interfaces/cmake/rosidl_cmake_export_typesupport_libraries-extras.cmake
[3.882s] -- Installing: /home/strikeps/Desktop/IITKGP/Summer/asv_ros2_ws/install/asv_localization_interfaces/share/asv_localization_interfaces/cmake/asv_localization_interfacesConfig.cmake
[3.882s] -- Installing: /home/strikeps/Desktop/IITKGP/Summer/asv_ros2_ws/install/asv_localization_interfaces/share/asv_localization_interfaces/cmake/asv_localization_interfacesConfig-version.cmake
[3.882s] -- Installing: /home/strikeps/Desktop/IITKGP/Summer/asv_ros2_ws/install/asv_localization_interfaces/share/asv_localization_interfaces/package.xml
[3.883s] Invoked command in '/home/strikeps/Desktop/IITKGP/Summer/asv_ros2_ws/build/asv_localization_interfaces' returned '0': CMAKE_PREFIX_PATH=/opt/ros/humble /usr/bin/cmake --install /home/strikeps/Desktop/IITKGP/Summer/asv_ros2_ws/build/asv_localization_interfaces
