[0.558s] Invoking command in '/home/strikeps/Desktop/IITKGP/Summer/asv_ros2_ws/src/asv_localization': AMENT_PREFIX_PATH=/home/strikeps/Desktop/IITKGP/Summer/asv_ros2_ws/install/asv_localization_interfaces:${AMENT_PREFIX_PATH} CMAKE_PREFIX_PATH=/home/strikeps/Desktop/IITKGP/Summer/asv_ros2_ws/install/asv_localization_interfaces LD_LIBRARY_PATH=/home/strikeps/Desktop/IITKGP/Summer/asv_ros2_ws/install/asv_localization_interfaces/lib:${LD_LIBRARY_PATH} PYTHONPATH=/home/strikeps/Desktop/IITKGP/Summer/asv_ros2_ws/build/asv_localization/prefix_override:/usr/lib/python3/dist-packages/colcon_core/task/python/colcon_distutils_commands:/home/strikeps/Desktop/IITKGP/Summer/asv_ros2_ws/install/asv_localization/lib/python3.10/site-packages:/home/strikeps/Desktop/IITKGP/Summer/asv_ros2_ws/install/asv_localization_interfaces/local/lib/python3.10/dist-packages:${PYTHONPATH} /usr/bin/python3 -W ignore:setup.py install is deprecated -W ignore:easy_install command is deprecated setup.py egg_info --egg-base ../../build/asv_localization build --build-base /home/strikeps/Desktop/IITKGP/Summer/asv_ros2_ws/build/asv_localization/build install --record /home/strikeps/Desktop/IITKGP/Summer/asv_ros2_ws/build/asv_localization/install.log --single-version-externally-managed install_data
[0.777s] running egg_info
[0.777s] creating ../../build/asv_localization/asv_localization.egg-info
[0.784s] writing ../../build/asv_localization/asv_localization.egg-info/PKG-INFO
[0.786s] writing dependency_links to ../../build/asv_localization/asv_localization.egg-info/dependency_links.txt
[0.786s] writing entry points to ../../build/asv_localization/asv_localization.egg-info/entry_points.txt
[0.786s] writing requirements to ../../build/asv_localization/asv_localization.egg-info/requires.txt
[0.786s] writing top-level names to ../../build/asv_localization/asv_localization.egg-info/top_level.txt
[0.786s] writing manifest file '../../build/asv_localization/asv_localization.egg-info/SOURCES.txt'
[0.800s] reading manifest file '../../build/asv_localization/asv_localization.egg-info/SOURCES.txt'
[0.801s] adding license file 'LICENSE'
[0.801s] writing manifest file '../../build/asv_localization/asv_localization.egg-info/SOURCES.txt'
[0.801s] running build
[0.801s] running build_py
[0.801s] creating /home/strikeps/Desktop/IITKGP/Summer/asv_ros2_ws/build/asv_localization/build
[0.801s] creating /home/strikeps/Desktop/IITKGP/Summer/asv_ros2_ws/build/asv_localization/build/lib
[0.801s] creating /home/strikeps/Desktop/IITKGP/Summer/asv_ros2_ws/build/asv_localization/build/lib/asv_localization
[0.802s] copying asv_localization/BiasStateEstimation2D.py -> /home/strikeps/Desktop/IITKGP/Summer/asv_ros2_ws/build/asv_localization/build/lib/asv_localization
[0.802s] copying asv_localization/StateEstimation2D.py -> /home/strikeps/Desktop/IITKGP/Summer/asv_ros2_ws/build/asv_localization/build/lib/asv_localization
[0.802s] copying asv_localization/__init__.py -> /home/strikeps/Desktop/IITKGP/Summer/asv_ros2_ws/build/asv_localization/build/lib/asv_localization
[0.802s] running install
[0.805s] running install_lib
[0.813s] creating /home/strikeps/Desktop/IITKGP/Summer/asv_ros2_ws/install/asv_localization/lib/python3.10/site-packages/asv_localization
[0.813s] copying /home/strikeps/Desktop/IITKGP/Summer/asv_ros2_ws/build/asv_localization/build/lib/asv_localization/BiasStateEstimation2D.py -> /home/strikeps/Desktop/IITKGP/Summer/asv_ros2_ws/install/asv_localization/lib/python3.10/site-packages/asv_localization
[0.814s] copying /home/strikeps/Desktop/IITKGP/Summer/asv_ros2_ws/build/asv_localization/build/lib/asv_localization/StateEstimation2D.py -> /home/strikeps/Desktop/IITKGP/Summer/asv_ros2_ws/install/asv_localization/lib/python3.10/site-packages/asv_localization
[0.814s] copying /home/strikeps/Desktop/IITKGP/Summer/asv_ros2_ws/build/asv_localization/build/lib/asv_localization/__init__.py -> /home/strikeps/Desktop/IITKGP/Summer/asv_ros2_ws/install/asv_localization/lib/python3.10/site-packages/asv_localization
[0.814s] byte-compiling /home/strikeps/Desktop/IITKGP/Summer/asv_ros2_ws/install/asv_localization/lib/python3.10/site-packages/asv_localization/BiasStateEstimation2D.py to BiasStateEstimation2D.cpython-310.pyc
[0.816s] byte-compiling /home/strikeps/Desktop/IITKGP/Summer/asv_ros2_ws/install/asv_localization/lib/python3.10/site-packages/asv_localization/StateEstimation2D.py to StateEstimation2D.cpython-310.pyc
[0.818s] byte-compiling /home/strikeps/Desktop/IITKGP/Summer/asv_ros2_ws/install/asv_localization/lib/python3.10/site-packages/asv_localization/__init__.py to __init__.cpython-310.pyc
[0.818s] running install_data
[0.818s] creating /home/strikeps/Desktop/IITKGP/Summer/asv_ros2_ws/install/asv_localization/share/ament_index
[0.819s] creating /home/strikeps/Desktop/IITKGP/Summer/asv_ros2_ws/install/asv_localization/share/ament_index/resource_index
[0.819s] creating /home/strikeps/Desktop/IITKGP/Summer/asv_ros2_ws/install/asv_localization/share/ament_index/resource_index/packages
[0.819s] copying resource/asv_localization -> /home/strikeps/Desktop/IITKGP/Summer/asv_ros2_ws/install/asv_localization/share/ament_index/resource_index/packages
[0.819s] copying package.xml -> /home/strikeps/Desktop/IITKGP/Summer/asv_ros2_ws/install/asv_localization/share/asv_localization
[0.819s] creating /home/strikeps/Desktop/IITKGP/Summer/asv_ros2_ws/install/asv_localization/share/asv_localization/data
[0.819s] copying data/T100-PWM-Thrust-raw.csv -> /home/strikeps/Desktop/IITKGP/Summer/asv_ros2_ws/install/asv_localization/share/asv_localization/data
[0.819s] copying data/thrust_pwm_polyfit.csv -> /home/strikeps/Desktop/IITKGP/Summer/asv_ros2_ws/install/asv_localization/share/asv_localization/data
[0.819s] running install_egg_info
[0.831s] Copying ../../build/asv_localization/asv_localization.egg-info to /home/strikeps/Desktop/IITKGP/Summer/asv_ros2_ws/install/asv_localization/lib/python3.10/site-packages/asv_localization-0.0.0-py3.10.egg-info
[0.832s] running install_scripts
[0.872s] Installing BiasStateEstimation2D script to /home/strikeps/Desktop/IITKGP/Summer/asv_ros2_ws/install/asv_localization/lib/asv_localization
[0.872s] Installing StateEstimation2D script to /home/strikeps/Desktop/IITKGP/Summer/asv_ros2_ws/install/asv_localization/lib/asv_localization
[0.872s] writing list of installed files to '/home/strikeps/Desktop/IITKGP/Summer/asv_ros2_ws/build/asv_localization/install.log'
[0.899s] Invoked command in '/home/strikeps/Desktop/IITKGP/Summer/asv_ros2_ws/src/asv_localization' returned '0': AMENT_PREFIX_PATH=/home/strikeps/Desktop/IITKGP/Summer/asv_ros2_ws/install/asv_localization_interfaces:${AMENT_PREFIX_PATH} CMAKE_PREFIX_PATH=/home/strikeps/Desktop/IITKGP/Summer/asv_ros2_ws/install/asv_localization_interfaces LD_LIBRARY_PATH=/home/strikeps/Desktop/IITKGP/Summer/asv_ros2_ws/install/asv_localization_interfaces/lib:${LD_LIBRARY_PATH} PYTHONPATH=/home/strikeps/Desktop/IITKGP/Summer/asv_ros2_ws/build/asv_localization/prefix_override:/usr/lib/python3/dist-packages/colcon_core/task/python/colcon_distutils_commands:/home/strikeps/Desktop/IITKGP/Summer/asv_ros2_ws/install/asv_localization/lib/python3.10/site-packages:/home/strikeps/Desktop/IITKGP/Summer/asv_ros2_ws/install/asv_localization_interfaces/local/lib/python3.10/dist-packages:${PYTHONPATH} /usr/bin/python3 -W ignore:setup.py install is deprecated -W ignore:easy_install command is deprecated setup.py egg_info --egg-base ../../build/asv_localization build --build-base /home/strikeps/Desktop/IITKGP/Summer/asv_ros2_ws/build/asv_localization/build install --record /home/strikeps/Desktop/IITKGP/Summer/asv_ros2_ws/build/asv_localization/install.log --single-version-externally-managed install_data
