[0.652s] Invoking command in '/home/strikeps/Desktop/IITKGP/Summer/asv_ros2_ws/src/xsens_mti_driver': PYTHONPATH=/home/strikeps/Desktop/IITKGP/Summer/asv_ros2_ws/build/xsens_mti_driver/prefix_override:/usr/lib/python3/dist-packages/colcon_core/task/python/colcon_distutils_commands:/home/strikeps/Desktop/IITKGP/Summer/asv_ros2_ws/install/xsens_mti_driver/lib/python3.10/site-packages:${PYTHONPATH} /usr/bin/python3 -W ignore:setup.py install is deprecated -W ignore:easy_install command is deprecated setup.py egg_info --egg-base ../../build/xsens_mti_driver build --build-base /home/strikeps/Desktop/IITKGP/Summer/asv_ros2_ws/build/xsens_mti_driver/build install --record /home/strikeps/Desktop/IITKGP/Summer/asv_ros2_ws/build/xsens_mti_driver/install.log --single-version-externally-managed install_data
[0.865s] running egg_info
[0.866s] creating ../../build/xsens_mti_driver/xsens_mti_driver.egg-info
[0.873s] writing ../../build/xsens_mti_driver/xsens_mti_driver.egg-info/PKG-INFO
[0.873s] writing dependency_links to ../../build/xsens_mti_driver/xsens_mti_driver.egg-info/dependency_links.txt
[0.873s] writing entry points to ../../build/xsens_mti_driver/xsens_mti_driver.egg-info/entry_points.txt
[0.873s] writing requirements to ../../build/xsens_mti_driver/xsens_mti_driver.egg-info/requires.txt
[0.873s] writing top-level names to ../../build/xsens_mti_driver/xsens_mti_driver.egg-info/top_level.txt
[0.873s] writing manifest file '../../build/xsens_mti_driver/xsens_mti_driver.egg-info/SOURCES.txt'
[0.888s] reading manifest file '../../build/xsens_mti_driver/xsens_mti_driver.egg-info/SOURCES.txt'
[0.888s] writing manifest file '../../build/xsens_mti_driver/xsens_mti_driver.egg-info/SOURCES.txt'
[0.888s] running build
[0.888s] running build_py
[0.889s] creating /home/strikeps/Desktop/IITKGP/Summer/asv_ros2_ws/build/xsens_mti_driver/build
[0.889s] creating /home/strikeps/Desktop/IITKGP/Summer/asv_ros2_ws/build/xsens_mti_driver/build/lib
[0.889s] creating /home/strikeps/Desktop/IITKGP/Summer/asv_ros2_ws/build/xsens_mti_driver/build/lib/xsens_mti_driver
[0.889s] copying xsens_mti_driver/data_logging.py -> /home/strikeps/Desktop/IITKGP/Summer/asv_ros2_ws/build/xsens_mti_driver/build/lib/xsens_mti_driver
[0.889s] copying xsens_mti_driver/xsens_imu_node.py -> /home/strikeps/Desktop/IITKGP/Summer/asv_ros2_ws/build/xsens_mti_driver/build/lib/xsens_mti_driver
[0.889s] copying xsens_mti_driver/SetOutput.py -> /home/strikeps/Desktop/IITKGP/Summer/asv_ros2_ws/build/xsens_mti_driver/build/lib/xsens_mti_driver
[0.889s] copying xsens_mti_driver/XbusPacket.py -> /home/strikeps/Desktop/IITKGP/Summer/asv_ros2_ws/build/xsens_mti_driver/build/lib/xsens_mti_driver
[0.889s] copying xsens_mti_driver/DataPacketParser.py -> /home/strikeps/Desktop/IITKGP/Summer/asv_ros2_ws/build/xsens_mti_driver/build/lib/xsens_mti_driver
[0.889s] copying xsens_mti_driver/SerialHandler.py -> /home/strikeps/Desktop/IITKGP/Summer/asv_ros2_ws/build/xsens_mti_driver/build/lib/xsens_mti_driver
[0.889s] copying xsens_mti_driver/__init__.py -> /home/strikeps/Desktop/IITKGP/Summer/asv_ros2_ws/build/xsens_mti_driver/build/lib/xsens_mti_driver
[0.890s] copying xsens_mti_driver/xsens_imu_node_tester.py -> /home/strikeps/Desktop/IITKGP/Summer/asv_ros2_ws/build/xsens_mti_driver/build/lib/xsens_mti_driver
[0.890s] running install
[0.893s] running install_lib
[0.900s] creating /home/strikeps/Desktop/IITKGP/Summer/asv_ros2_ws/install/xsens_mti_driver/lib/python3.10/site-packages/xsens_mti_driver
[0.900s] copying /home/strikeps/Desktop/IITKGP/Summer/asv_ros2_ws/build/xsens_mti_driver/build/lib/xsens_mti_driver/data_logging.py -> /home/strikeps/Desktop/IITKGP/Summer/asv_ros2_ws/install/xsens_mti_driver/lib/python3.10/site-packages/xsens_mti_driver
[0.900s] copying /home/strikeps/Desktop/IITKGP/Summer/asv_ros2_ws/build/xsens_mti_driver/build/lib/xsens_mti_driver/xsens_imu_node.py -> /home/strikeps/Desktop/IITKGP/Summer/asv_ros2_ws/install/xsens_mti_driver/lib/python3.10/site-packages/xsens_mti_driver
[0.901s] copying /home/strikeps/Desktop/IITKGP/Summer/asv_ros2_ws/build/xsens_mti_driver/build/lib/xsens_mti_driver/SetOutput.py -> /home/strikeps/Desktop/IITKGP/Summer/asv_ros2_ws/install/xsens_mti_driver/lib/python3.10/site-packages/xsens_mti_driver
[0.901s] copying /home/strikeps/Desktop/IITKGP/Summer/asv_ros2_ws/build/xsens_mti_driver/build/lib/xsens_mti_driver/XbusPacket.py -> /home/strikeps/Desktop/IITKGP/Summer/asv_ros2_ws/install/xsens_mti_driver/lib/python3.10/site-packages/xsens_mti_driver
[0.901s] copying /home/strikeps/Desktop/IITKGP/Summer/asv_ros2_ws/build/xsens_mti_driver/build/lib/xsens_mti_driver/DataPacketParser.py -> /home/strikeps/Desktop/IITKGP/Summer/asv_ros2_ws/install/xsens_mti_driver/lib/python3.10/site-packages/xsens_mti_driver
[0.901s] copying /home/strikeps/Desktop/IITKGP/Summer/asv_ros2_ws/build/xsens_mti_driver/build/lib/xsens_mti_driver/SerialHandler.py -> /home/strikeps/Desktop/IITKGP/Summer/asv_ros2_ws/install/xsens_mti_driver/lib/python3.10/site-packages/xsens_mti_driver
[0.901s] copying /home/strikeps/Desktop/IITKGP/Summer/asv_ros2_ws/build/xsens_mti_driver/build/lib/xsens_mti_driver/__init__.py -> /home/strikeps/Desktop/IITKGP/Summer/asv_ros2_ws/install/xsens_mti_driver/lib/python3.10/site-packages/xsens_mti_driver
[0.901s] copying /home/strikeps/Desktop/IITKGP/Summer/asv_ros2_ws/build/xsens_mti_driver/build/lib/xsens_mti_driver/xsens_imu_node_tester.py -> /home/strikeps/Desktop/IITKGP/Summer/asv_ros2_ws/install/xsens_mti_driver/lib/python3.10/site-packages/xsens_mti_driver
[0.901s] byte-compiling /home/strikeps/Desktop/IITKGP/Summer/asv_ros2_ws/install/xsens_mti_driver/lib/python3.10/site-packages/xsens_mti_driver/data_logging.py to data_logging.cpython-310.pyc
[0.902s] byte-compiling /home/strikeps/Desktop/IITKGP/Summer/asv_ros2_ws/install/xsens_mti_driver/lib/python3.10/site-packages/xsens_mti_driver/xsens_imu_node.py to xsens_imu_node.cpython-310.pyc
[0.903s] byte-compiling /home/strikeps/Desktop/IITKGP/Summer/asv_ros2_ws/install/xsens_mti_driver/lib/python3.10/site-packages/xsens_mti_driver/SetOutput.py to SetOutput.cpython-310.pyc
[0.903s] byte-compiling /home/strikeps/Desktop/IITKGP/Summer/asv_ros2_ws/install/xsens_mti_driver/lib/python3.10/site-packages/xsens_mti_driver/XbusPacket.py to XbusPacket.cpython-310.pyc
[0.903s] byte-compiling /home/strikeps/Desktop/IITKGP/Summer/asv_ros2_ws/install/xsens_mti_driver/lib/python3.10/site-packages/xsens_mti_driver/DataPacketParser.py to DataPacketParser.cpython-310.pyc
[0.904s] byte-compiling /home/strikeps/Desktop/IITKGP/Summer/asv_ros2_ws/install/xsens_mti_driver/lib/python3.10/site-packages/xsens_mti_driver/SerialHandler.py to SerialHandler.cpython-310.pyc
[0.904s] byte-compiling /home/strikeps/Desktop/IITKGP/Summer/asv_ros2_ws/install/xsens_mti_driver/lib/python3.10/site-packages/xsens_mti_driver/__init__.py to __init__.cpython-310.pyc
[0.905s] byte-compiling /home/strikeps/Desktop/IITKGP/Summer/asv_ros2_ws/install/xsens_mti_driver/lib/python3.10/site-packages/xsens_mti_driver/xsens_imu_node_tester.py to xsens_imu_node_tester.cpython-310.pyc
[0.905s] running install_data
[0.905s] creating /home/strikeps/Desktop/IITKGP/Summer/asv_ros2_ws/install/xsens_mti_driver/share/ament_index
[0.905s] creating /home/strikeps/Desktop/IITKGP/Summer/asv_ros2_ws/install/xsens_mti_driver/share/ament_index/resource_index
[0.905s] creating /home/strikeps/Desktop/IITKGP/Summer/asv_ros2_ws/install/xsens_mti_driver/share/ament_index/resource_index/packages
[0.905s] copying resource/xsens_mti_driver -> /home/strikeps/Desktop/IITKGP/Summer/asv_ros2_ws/install/xsens_mti_driver/share/ament_index/resource_index/packages
[0.906s] copying package.xml -> /home/strikeps/Desktop/IITKGP/Summer/asv_ros2_ws/install/xsens_mti_driver/share/xsens_mti_driver
[0.906s] running install_egg_info
[0.915s] Copying ../../build/xsens_mti_driver/xsens_mti_driver.egg-info to /home/strikeps/Desktop/IITKGP/Summer/asv_ros2_ws/install/xsens_mti_driver/lib/python3.10/site-packages/xsens_mti_driver-0.0.0-py3.10.egg-info
[0.915s] running install_scripts
[0.957s] Installing xsens_imu_node script to /home/strikeps/Desktop/IITKGP/Summer/asv_ros2_ws/install/xsens_mti_driver/lib/xsens_mti_driver
[0.957s] Installing xsens_imu_node_tester script to /home/strikeps/Desktop/IITKGP/Summer/asv_ros2_ws/install/xsens_mti_driver/lib/xsens_mti_driver
[0.957s] writing list of installed files to '/home/strikeps/Desktop/IITKGP/Summer/asv_ros2_ws/build/xsens_mti_driver/install.log'
[0.984s] Invoked command in '/home/strikeps/Desktop/IITKGP/Summer/asv_ros2_ws/src/xsens_mti_driver' returned '0': PYTHONPATH=/home/strikeps/Desktop/IITKGP/Summer/asv_ros2_ws/build/xsens_mti_driver/prefix_override:/usr/lib/python3/dist-packages/colcon_core/task/python/colcon_distutils_commands:/home/strikeps/Desktop/IITKGP/Summer/asv_ros2_ws/install/xsens_mti_driver/lib/python3.10/site-packages:${PYTHONPATH} /usr/bin/python3 -W ignore:setup.py install is deprecated -W ignore:easy_install command is deprecated setup.py egg_info --egg-base ../../build/xsens_mti_driver build --build-base /home/strikeps/Desktop/IITKGP/Summer/asv_ros2_ws/build/xsens_mti_driver/build install --record /home/strikeps/Desktop/IITKGP/Summer/asv_ros2_ws/build/xsens_mti_driver/install.log --single-version-externally-managed install_data
