[0.064s] DEBUG:colcon:Command line arguments: ['/usr/bin/colcon', 'build']
[0.064s] DEBUG:colcon:Parsed command line arguments: Namespace(log_base=None, log_level=None, verb_name='build', build_base='build', install_base='install', merge_install=False, symlink_install=False, test_result_base=None, continue_on_error=False, executor='parallel', parallel_workers=12, event_handlers=None, ignore_user_meta=False, metas=['./colcon.meta'], base_paths=['.'], packages_ignore=None, packages_ignore_regex=None, paths=None, packages_up_to=None, packages_up_to_regex=None, packages_above=None, packages_above_and_dependencies=None, packages_above_depth=None, packages_select_by_dep=None, packages_skip_by_dep=None, packages_skip_up_to=None, packages_select_build_failed=False, packages_skip_build_finished=False, packages_select_test_failures=False, packages_skip_test_passed=False, packages_select=None, packages_skip=None, packages_select_regex=None, packages_skip_regex=None, packages_start=None, packages_end=None, allow_overriding=[], cmake_args=None, cmake_target=None, cmake_target_skip_unavailable=False, cmake_clean_cache=False, cmake_clean_first=False, cmake_force_configure=False, ament_cmake_args=None, catkin_cmake_args=None, catkin_skip_building_tests=False, mixin_files=None, mixin=None, verb_parser=<colcon_mixin.mixin.mixin_argument.MixinArgumentDecorator object at 0x7af8f5f5d3f0>, verb_extension=<colcon_core.verb.build.BuildVerb object at 0x7af8f5f5cd60>, main=<bound method BuildVerb.main of <colcon_core.verb.build.BuildVerb object at 0x7af8f5f5cd60>>, mixin_verb=('build',))
[0.206s] Level 1:colcon.colcon_core.package_discovery:discover_packages(colcon_meta) check parameters
[0.206s] Level 1:colcon.colcon_core.package_discovery:discover_packages(recursive) check parameters
[0.206s] Level 1:colcon.colcon_core.package_discovery:discover_packages(ignore) check parameters
[0.206s] Level 1:colcon.colcon_core.package_discovery:discover_packages(path) check parameters
[0.206s] Level 1:colcon.colcon_core.package_discovery:discover_packages(colcon_meta) discover
[0.206s] Level 1:colcon.colcon_core.package_discovery:discover_packages(recursive) discover
[0.206s] INFO:colcon.colcon_core.package_discovery:Crawling recursively for packages in '/home/strikeps/Desktop/IITKGP/Summer/asv_ros2_ws'
[0.206s] Level 1:colcon.colcon_core.package_identification:_identify(.) by extensions ['ignore', 'ignore_ament_install']
[0.206s] Level 1:colcon.colcon_core.package_identification:_identify(.) by extension 'ignore'
[0.206s] Level 1:colcon.colcon_core.package_identification:_identify(.) by extension 'ignore_ament_install'
[0.207s] Level 1:colcon.colcon_core.package_identification:_identify(.) by extensions ['colcon_pkg']
[0.207s] Level 1:colcon.colcon_core.package_identification:_identify(.) by extension 'colcon_pkg'
[0.207s] Level 1:colcon.colcon_core.package_identification:_identify(.) by extensions ['colcon_meta']
[0.207s] Level 1:colcon.colcon_core.package_identification:_identify(.) by extension 'colcon_meta'
[0.207s] Level 1:colcon.colcon_core.package_identification:_identify(.) by extensions ['ros']
[0.207s] Level 1:colcon.colcon_core.package_identification:_identify(.) by extension 'ros'
[0.216s] Level 1:colcon.colcon_core.package_identification:_identify(.) by extensions ['cmake', 'python']
[0.216s] Level 1:colcon.colcon_core.package_identification:_identify(.) by extension 'cmake'
[0.216s] Level 1:colcon.colcon_core.package_identification:_identify(.) by extension 'python'
[0.216s] Level 1:colcon.colcon_core.package_identification:_identify(.) by extensions ['python_setup_py']
[0.216s] Level 1:colcon.colcon_core.package_identification:_identify(.) by extension 'python_setup_py'
[0.216s] Level 1:colcon.colcon_core.package_identification:_identify(Hardware Components) by extensions ['ignore', 'ignore_ament_install']
[0.216s] Level 1:colcon.colcon_core.package_identification:_identify(Hardware Components) by extension 'ignore'
[0.216s] Level 1:colcon.colcon_core.package_identification:_identify(Hardware Components) by extension 'ignore_ament_install'
[0.216s] Level 1:colcon.colcon_core.package_identification:_identify(Hardware Components) by extensions ['colcon_pkg']
[0.216s] Level 1:colcon.colcon_core.package_identification:_identify(Hardware Components) by extension 'colcon_pkg'
[0.216s] Level 1:colcon.colcon_core.package_identification:_identify(Hardware Components) by extensions ['colcon_meta']
[0.216s] Level 1:colcon.colcon_core.package_identification:_identify(Hardware Components) by extension 'colcon_meta'
[0.216s] Level 1:colcon.colcon_core.package_identification:_identify(Hardware Components) by extensions ['ros']
[0.216s] Level 1:colcon.colcon_core.package_identification:_identify(Hardware Components) by extension 'ros'
[0.216s] Level 1:colcon.colcon_core.package_identification:_identify(Hardware Components) by extensions ['cmake', 'python']
[0.216s] Level 1:colcon.colcon_core.package_identification:_identify(Hardware Components) by extension 'cmake'
[0.216s] Level 1:colcon.colcon_core.package_identification:_identify(Hardware Components) by extension 'python'
[0.216s] Level 1:colcon.colcon_core.package_identification:_identify(Hardware Components) by extensions ['python_setup_py']
[0.216s] Level 1:colcon.colcon_core.package_identification:_identify(Hardware Components) by extension 'python_setup_py'
[0.216s] Level 1:colcon.colcon_core.package_identification:_identify(build) by extensions ['ignore', 'ignore_ament_install']
[0.217s] Level 1:colcon.colcon_core.package_identification:_identify(build) by extension 'ignore'
[0.217s] Level 1:colcon.colcon_core.package_identification:_identify(build) ignored
[0.217s] Level 1:colcon.colcon_core.package_identification:_identify(install) by extensions ['ignore', 'ignore_ament_install']
[0.217s] Level 1:colcon.colcon_core.package_identification:_identify(install) by extension 'ignore'
[0.217s] Level 1:colcon.colcon_core.package_identification:_identify(install) ignored
[0.217s] Level 1:colcon.colcon_core.package_identification:_identify(log) by extensions ['ignore', 'ignore_ament_install']
[0.217s] Level 1:colcon.colcon_core.package_identification:_identify(log) by extension 'ignore'
[0.217s] Level 1:colcon.colcon_core.package_identification:_identify(log) ignored
[0.217s] Level 1:colcon.colcon_core.package_identification:_identify(src) by extensions ['ignore', 'ignore_ament_install']
[0.217s] Level 1:colcon.colcon_core.package_identification:_identify(src) by extension 'ignore'
[0.217s] Level 1:colcon.colcon_core.package_identification:_identify(src) by extension 'ignore_ament_install'
[0.217s] Level 1:colcon.colcon_core.package_identification:_identify(src) by extensions ['colcon_pkg']
[0.217s] Level 1:colcon.colcon_core.package_identification:_identify(src) by extension 'colcon_pkg'
[0.217s] Level 1:colcon.colcon_core.package_identification:_identify(src) by extensions ['colcon_meta']
[0.217s] Level 1:colcon.colcon_core.package_identification:_identify(src) by extension 'colcon_meta'
[0.217s] Level 1:colcon.colcon_core.package_identification:_identify(src) by extensions ['ros']
[0.217s] Level 1:colcon.colcon_core.package_identification:_identify(src) by extension 'ros'
[0.217s] Level 1:colcon.colcon_core.package_identification:_identify(src) by extensions ['cmake', 'python']
[0.217s] Level 1:colcon.colcon_core.package_identification:_identify(src) by extension 'cmake'
[0.217s] Level 1:colcon.colcon_core.package_identification:_identify(src) by extension 'python'
[0.217s] Level 1:colcon.colcon_core.package_identification:_identify(src) by extensions ['python_setup_py']
[0.217s] Level 1:colcon.colcon_core.package_identification:_identify(src) by extension 'python_setup_py'
[0.217s] Level 1:colcon.colcon_core.package_identification:_identify(src/asv_localization) by extensions ['ignore', 'ignore_ament_install']
[0.217s] Level 1:colcon.colcon_core.package_identification:_identify(src/asv_localization) by extension 'ignore'
[0.217s] Level 1:colcon.colcon_core.package_identification:_identify(src/asv_localization) by extension 'ignore_ament_install'
[0.217s] Level 1:colcon.colcon_core.package_identification:_identify(src/asv_localization) by extensions ['colcon_pkg']
[0.217s] Level 1:colcon.colcon_core.package_identification:_identify(src/asv_localization) by extension 'colcon_pkg'
[0.217s] Level 1:colcon.colcon_core.package_identification:_identify(src/asv_localization) by extensions ['colcon_meta']
[0.217s] Level 1:colcon.colcon_core.package_identification:_identify(src/asv_localization) by extension 'colcon_meta'
[0.217s] Level 1:colcon.colcon_core.package_identification:_identify(src/asv_localization) by extensions ['ros']
[0.217s] Level 1:colcon.colcon_core.package_identification:_identify(src/asv_localization) by extension 'ros'
[0.219s] DEBUG:colcon.colcon_core.package_identification:Package 'src/asv_localization' with type 'ros.ament_python' and name 'asv_localization'
[0.219s] Level 1:colcon.colcon_core.package_identification:_identify(src/asv_localization_interfaces) by extensions ['ignore', 'ignore_ament_install']
[0.219s] Level 1:colcon.colcon_core.package_identification:_identify(src/asv_localization_interfaces) by extension 'ignore'
[0.219s] Level 1:colcon.colcon_core.package_identification:_identify(src/asv_localization_interfaces) by extension 'ignore_ament_install'
[0.219s] Level 1:colcon.colcon_core.package_identification:_identify(src/asv_localization_interfaces) by extensions ['colcon_pkg']
[0.219s] Level 1:colcon.colcon_core.package_identification:_identify(src/asv_localization_interfaces) by extension 'colcon_pkg'
[0.219s] Level 1:colcon.colcon_core.package_identification:_identify(src/asv_localization_interfaces) by extensions ['colcon_meta']
[0.219s] Level 1:colcon.colcon_core.package_identification:_identify(src/asv_localization_interfaces) by extension 'colcon_meta'
[0.219s] Level 1:colcon.colcon_core.package_identification:_identify(src/asv_localization_interfaces) by extensions ['ros']
[0.220s] Level 1:colcon.colcon_core.package_identification:_identify(src/asv_localization_interfaces) by extension 'ros'
[0.220s] DEBUG:colcon.colcon_core.package_identification:Package 'src/asv_localization_interfaces' with type 'ros.ament_cmake' and name 'asv_localization_interfaces'
[0.220s] Level 1:colcon.colcon_core.package_identification:_identify(src/esc_driver) by extensions ['ignore', 'ignore_ament_install']
[0.220s] Level 1:colcon.colcon_core.package_identification:_identify(src/esc_driver) by extension 'ignore'
[0.220s] Level 1:colcon.colcon_core.package_identification:_identify(src/esc_driver) by extension 'ignore_ament_install'
[0.220s] Level 1:colcon.colcon_core.package_identification:_identify(src/esc_driver) by extensions ['colcon_pkg']
[0.220s] Level 1:colcon.colcon_core.package_identification:_identify(src/esc_driver) by extension 'colcon_pkg'
[0.220s] Level 1:colcon.colcon_core.package_identification:_identify(src/esc_driver) by extensions ['colcon_meta']
[0.220s] Level 1:colcon.colcon_core.package_identification:_identify(src/esc_driver) by extension 'colcon_meta'
[0.220s] Level 1:colcon.colcon_core.package_identification:_identify(src/esc_driver) by extensions ['ros']
[0.220s] Level 1:colcon.colcon_core.package_identification:_identify(src/esc_driver) by extension 'ros'
[0.220s] DEBUG:colcon.colcon_core.package_identification:Package 'src/esc_driver' with type 'ros.ament_python' and name 'esc_driver'
[0.221s] Level 1:colcon.colcon_core.package_identification:_identify(src/xsens_mti_driver) by extensions ['ignore', 'ignore_ament_install']
[0.221s] Level 1:colcon.colcon_core.package_identification:_identify(src/xsens_mti_driver) by extension 'ignore'
[0.221s] Level 1:colcon.colcon_core.package_identification:_identify(src/xsens_mti_driver) by extension 'ignore_ament_install'
[0.221s] Level 1:colcon.colcon_core.package_identification:_identify(src/xsens_mti_driver) by extensions ['colcon_pkg']
[0.221s] Level 1:colcon.colcon_core.package_identification:_identify(src/xsens_mti_driver) by extension 'colcon_pkg'
[0.221s] Level 1:colcon.colcon_core.package_identification:_identify(src/xsens_mti_driver) by extensions ['colcon_meta']
[0.221s] Level 1:colcon.colcon_core.package_identification:_identify(src/xsens_mti_driver) by extension 'colcon_meta'
[0.221s] Level 1:colcon.colcon_core.package_identification:_identify(src/xsens_mti_driver) by extensions ['ros']
[0.221s] Level 1:colcon.colcon_core.package_identification:_identify(src/xsens_mti_driver) by extension 'ros'
[0.221s] DEBUG:colcon.colcon_core.package_identification:Package 'src/xsens_mti_driver' with type 'ros.ament_python' and name 'xsens_mti_driver'
[0.221s] Level 1:colcon.colcon_core.package_discovery:discover_packages(recursive) using defaults
[0.221s] Level 1:colcon.colcon_core.package_discovery:discover_packages(ignore) discover
[0.221s] Level 1:colcon.colcon_core.package_discovery:discover_packages(ignore) using defaults
[0.221s] Level 1:colcon.colcon_core.package_discovery:discover_packages(path) discover
[0.221s] Level 1:colcon.colcon_core.package_discovery:discover_packages(path) using defaults
[0.234s] Level 1:colcon.colcon_core.package_discovery:discover_packages(prefix_path) check parameters
[0.234s] Level 1:colcon.colcon_core.package_discovery:discover_packages(prefix_path) discover
[0.236s] DEBUG:colcon.colcon_installed_package_information.package_discovery:Found 251 installed packages in /opt/ros/humble
[0.236s] Level 1:colcon.colcon_core.package_discovery:discover_packages(prefix_path) using defaults
[0.253s] Level 5:colcon.colcon_core.verb:set package 'asv_localization_interfaces' build argument 'cmake_args' from command line to 'None'
[0.253s] Level 5:colcon.colcon_core.verb:set package 'asv_localization_interfaces' build argument 'cmake_target' from command line to 'None'
[0.253s] Level 5:colcon.colcon_core.verb:set package 'asv_localization_interfaces' build argument 'cmake_target_skip_unavailable' from command line to 'False'
[0.253s] Level 5:colcon.colcon_core.verb:set package 'asv_localization_interfaces' build argument 'cmake_clean_cache' from command line to 'False'
[0.253s] Level 5:colcon.colcon_core.verb:set package 'asv_localization_interfaces' build argument 'cmake_clean_first' from command line to 'False'
[0.253s] Level 5:colcon.colcon_core.verb:set package 'asv_localization_interfaces' build argument 'cmake_force_configure' from command line to 'False'
[0.253s] Level 5:colcon.colcon_core.verb:set package 'asv_localization_interfaces' build argument 'ament_cmake_args' from command line to 'None'
[0.253s] Level 5:colcon.colcon_core.verb:set package 'asv_localization_interfaces' build argument 'catkin_cmake_args' from command line to 'None'
[0.253s] Level 5:colcon.colcon_core.verb:set package 'asv_localization_interfaces' build argument 'catkin_skip_building_tests' from command line to 'False'
[0.253s] DEBUG:colcon.colcon_core.verb:Building package 'asv_localization_interfaces' with the following arguments: {'ament_cmake_args': None, 'build_base': '/home/strikeps/Desktop/IITKGP/Summer/asv_ros2_ws/build/asv_localization_interfaces', 'catkin_cmake_args': None, 'catkin_skip_building_tests': False, 'cmake_args': None, 'cmake_clean_cache': False, 'cmake_clean_first': False, 'cmake_force_configure': False, 'cmake_target': None, 'cmake_target_skip_unavailable': False, 'install_base': '/home/strikeps/Desktop/IITKGP/Summer/asv_ros2_ws/install/asv_localization_interfaces', 'merge_install': False, 'path': '/home/strikeps/Desktop/IITKGP/Summer/asv_ros2_ws/src/asv_localization_interfaces', 'symlink_install': False, 'test_result_base': None}
[0.253s] Level 5:colcon.colcon_core.verb:set package 'esc_driver' build argument 'cmake_args' from command line to 'None'
[0.253s] Level 5:colcon.colcon_core.verb:set package 'esc_driver' build argument 'cmake_target' from command line to 'None'
[0.254s] Level 5:colcon.colcon_core.verb:set package 'esc_driver' build argument 'cmake_target_skip_unavailable' from command line to 'False'
[0.254s] Level 5:colcon.colcon_core.verb:set package 'esc_driver' build argument 'cmake_clean_cache' from command line to 'False'
[0.254s] Level 5:colcon.colcon_core.verb:set package 'esc_driver' build argument 'cmake_clean_first' from command line to 'False'
[0.254s] Level 5:colcon.colcon_core.verb:set package 'esc_driver' build argument 'cmake_force_configure' from command line to 'False'
[0.254s] Level 5:colcon.colcon_core.verb:set package 'esc_driver' build argument 'ament_cmake_args' from command line to 'None'
[0.254s] Level 5:colcon.colcon_core.verb:set package 'esc_driver' build argument 'catkin_cmake_args' from command line to 'None'
[0.254s] Level 5:colcon.colcon_core.verb:set package 'esc_driver' build argument 'catkin_skip_building_tests' from command line to 'False'
[0.254s] DEBUG:colcon.colcon_core.verb:Building package 'esc_driver' with the following arguments: {'ament_cmake_args': None, 'build_base': '/home/strikeps/Desktop/IITKGP/Summer/asv_ros2_ws/build/esc_driver', 'catkin_cmake_args': None, 'catkin_skip_building_tests': False, 'cmake_args': None, 'cmake_clean_cache': False, 'cmake_clean_first': False, 'cmake_force_configure': False, 'cmake_target': None, 'cmake_target_skip_unavailable': False, 'install_base': '/home/strikeps/Desktop/IITKGP/Summer/asv_ros2_ws/install/esc_driver', 'merge_install': False, 'path': '/home/strikeps/Desktop/IITKGP/Summer/asv_ros2_ws/src/esc_driver', 'symlink_install': False, 'test_result_base': None}
[0.254s] Level 5:colcon.colcon_core.verb:set package 'xsens_mti_driver' build argument 'cmake_args' from command line to 'None'
[0.254s] Level 5:colcon.colcon_core.verb:set package 'xsens_mti_driver' build argument 'cmake_target' from command line to 'None'
[0.254s] Level 5:colcon.colcon_core.verb:set package 'xsens_mti_driver' build argument 'cmake_target_skip_unavailable' from command line to 'False'
[0.254s] Level 5:colcon.colcon_core.verb:set package 'xsens_mti_driver' build argument 'cmake_clean_cache' from command line to 'False'
[0.254s] Level 5:colcon.colcon_core.verb:set package 'xsens_mti_driver' build argument 'cmake_clean_first' from command line to 'False'
[0.254s] Level 5:colcon.colcon_core.verb:set package 'xsens_mti_driver' build argument 'cmake_force_configure' from command line to 'False'
[0.254s] Level 5:colcon.colcon_core.verb:set package 'xsens_mti_driver' build argument 'ament_cmake_args' from command line to 'None'
[0.254s] Level 5:colcon.colcon_core.verb:set package 'xsens_mti_driver' build argument 'catkin_cmake_args' from command line to 'None'
[0.254s] Level 5:colcon.colcon_core.verb:set package 'xsens_mti_driver' build argument 'catkin_skip_building_tests' from command line to 'False'
[0.254s] DEBUG:colcon.colcon_core.verb:Building package 'xsens_mti_driver' with the following arguments: {'ament_cmake_args': None, 'build_base': '/home/strikeps/Desktop/IITKGP/Summer/asv_ros2_ws/build/xsens_mti_driver', 'catkin_cmake_args': None, 'catkin_skip_building_tests': False, 'cmake_args': None, 'cmake_clean_cache': False, 'cmake_clean_first': False, 'cmake_force_configure': False, 'cmake_target': None, 'cmake_target_skip_unavailable': False, 'install_base': '/home/strikeps/Desktop/IITKGP/Summer/asv_ros2_ws/install/xsens_mti_driver', 'merge_install': False, 'path': '/home/strikeps/Desktop/IITKGP/Summer/asv_ros2_ws/src/xsens_mti_driver', 'symlink_install': False, 'test_result_base': None}
[0.254s] Level 5:colcon.colcon_core.verb:set package 'asv_localization' build argument 'cmake_args' from command line to 'None'
[0.254s] Level 5:colcon.colcon_core.verb:set package 'asv_localization' build argument 'cmake_target' from command line to 'None'
[0.254s] Level 5:colcon.colcon_core.verb:set package 'asv_localization' build argument 'cmake_target_skip_unavailable' from command line to 'False'
[0.254s] Level 5:colcon.colcon_core.verb:set package 'asv_localization' build argument 'cmake_clean_cache' from command line to 'False'
[0.254s] Level 5:colcon.colcon_core.verb:set package 'asv_localization' build argument 'cmake_clean_first' from command line to 'False'
[0.254s] Level 5:colcon.colcon_core.verb:set package 'asv_localization' build argument 'cmake_force_configure' from command line to 'False'
[0.254s] Level 5:colcon.colcon_core.verb:set package 'asv_localization' build argument 'ament_cmake_args' from command line to 'None'
[0.254s] Level 5:colcon.colcon_core.verb:set package 'asv_localization' build argument 'catkin_cmake_args' from command line to 'None'
[0.254s] Level 5:colcon.colcon_core.verb:set package 'asv_localization' build argument 'catkin_skip_building_tests' from command line to 'False'
[0.254s] DEBUG:colcon.colcon_core.verb:Building package 'asv_localization' with the following arguments: {'ament_cmake_args': None, 'build_base': '/home/strikeps/Desktop/IITKGP/Summer/asv_ros2_ws/build/asv_localization', 'catkin_cmake_args': None, 'catkin_skip_building_tests': False, 'cmake_args': None, 'cmake_clean_cache': False, 'cmake_clean_first': False, 'cmake_force_configure': False, 'cmake_target': None, 'cmake_target_skip_unavailable': False, 'install_base': '/home/strikeps/Desktop/IITKGP/Summer/asv_ros2_ws/install/asv_localization', 'merge_install': False, 'path': '/home/strikeps/Desktop/IITKGP/Summer/asv_ros2_ws/src/asv_localization', 'symlink_install': False, 'test_result_base': None}
[0.254s] INFO:colcon.colcon_core.executor:Executing jobs using 'parallel' executor
[0.255s] DEBUG:colcon.colcon_parallel_executor.executor.parallel:run_until_complete
[0.255s] INFO:colcon.colcon_ros.task.ament_cmake.build:Building ROS package in '/home/strikeps/Desktop/IITKGP/Summer/asv_ros2_ws/src/asv_localization_interfaces' with build type 'ament_cmake'
[0.255s] INFO:colcon.colcon_cmake.task.cmake.build:Building CMake package in '/home/strikeps/Desktop/IITKGP/Summer/asv_ros2_ws/src/asv_localization_interfaces'
[0.257s] INFO:colcon.colcon_core.plugin_system:Skipping extension 'colcon_core.shell.bat': Not used on non-Windows systems
[0.257s] INFO:colcon.colcon_core.shell:Skip shell extension 'powershell' for command environment: Not usable outside of PowerShell
[0.257s] DEBUG:colcon.colcon_core.shell:Skip shell extension 'dsv' for command environment
[0.259s] INFO:colcon.colcon_ros.task.ament_python.build:Building ROS package in '/home/strikeps/Desktop/IITKGP/Summer/asv_ros2_ws/src/esc_driver' with build type 'ament_python'
[0.259s] Level 1:colcon.colcon_core.shell:create_environment_hook('esc_driver', 'ament_prefix_path')
[0.259s] INFO:colcon.colcon_core.shell:Creating environment hook '/home/strikeps/Desktop/IITKGP/Summer/asv_ros2_ws/install/esc_driver/share/esc_driver/hook/ament_prefix_path.ps1'
[0.259s] INFO:colcon.colcon_core.shell:Creating environment descriptor '/home/strikeps/Desktop/IITKGP/Summer/asv_ros2_ws/install/esc_driver/share/esc_driver/hook/ament_prefix_path.dsv'
[0.260s] INFO:colcon.colcon_core.shell:Creating environment hook '/home/strikeps/Desktop/IITKGP/Summer/asv_ros2_ws/install/esc_driver/share/esc_driver/hook/ament_prefix_path.sh'
[0.260s] INFO:colcon.colcon_core.shell:Skip shell extension 'powershell' for command environment: Not usable outside of PowerShell
[0.260s] DEBUG:colcon.colcon_core.shell:Skip shell extension 'dsv' for command environment
[0.261s] INFO:colcon.colcon_ros.task.ament_python.build:Building ROS package in '/home/strikeps/Desktop/IITKGP/Summer/asv_ros2_ws/src/xsens_mti_driver' with build type 'ament_python'
[0.262s] Level 1:colcon.colcon_core.shell:create_environment_hook('xsens_mti_driver', 'ament_prefix_path')
[0.262s] INFO:colcon.colcon_core.shell:Creating environment hook '/home/strikeps/Desktop/IITKGP/Summer/asv_ros2_ws/install/xsens_mti_driver/share/xsens_mti_driver/hook/ament_prefix_path.ps1'
[0.262s] INFO:colcon.colcon_core.shell:Creating environment descriptor '/home/strikeps/Desktop/IITKGP/Summer/asv_ros2_ws/install/xsens_mti_driver/share/xsens_mti_driver/hook/ament_prefix_path.dsv'
[0.262s] INFO:colcon.colcon_core.shell:Creating environment hook '/home/strikeps/Desktop/IITKGP/Summer/asv_ros2_ws/install/xsens_mti_driver/share/xsens_mti_driver/hook/ament_prefix_path.sh'
[0.263s] INFO:colcon.colcon_core.shell:Skip shell extension 'powershell' for command environment: Not usable outside of PowerShell
[0.263s] DEBUG:colcon.colcon_core.shell:Skip shell extension 'dsv' for command environment
[0.267s] DEBUG:colcon.colcon_core.event_handler.log_command:Invoking command in '/home/strikeps/Desktop/IITKGP/Summer/asv_ros2_ws/build/asv_localization_interfaces': CMAKE_PREFIX_PATH=/opt/ros/humble /usr/bin/cmake /home/strikeps/Desktop/IITKGP/Summer/asv_ros2_ws/src/asv_localization_interfaces -DCMAKE_INSTALL_PREFIX=/home/strikeps/Desktop/IITKGP/Summer/asv_ros2_ws/install/asv_localization_interfaces
[0.485s] INFO:colcon.colcon_core.task.python.build:Building Python package in '/home/strikeps/Desktop/IITKGP/Summer/asv_ros2_ws/src/esc_driver'
[0.485s] INFO:colcon.colcon_core.shell:Skip shell extension 'powershell' for command environment: Not usable outside of PowerShell
[0.485s] DEBUG:colcon.colcon_core.shell:Skip shell extension 'dsv' for command environment
[0.706s] INFO:colcon.colcon_core.task.python.build:Building Python package in '/home/strikeps/Desktop/IITKGP/Summer/asv_ros2_ws/src/xsens_mti_driver'
[0.707s] INFO:colcon.colcon_core.shell:Skip shell extension 'powershell' for command environment: Not usable outside of PowerShell
[0.707s] DEBUG:colcon.colcon_core.shell:Skip shell extension 'dsv' for command environment
[1.050s] DEBUG:colcon.colcon_core.event_handler.log_command:Invoking command in '/home/strikeps/Desktop/IITKGP/Summer/asv_ros2_ws/src/esc_driver': PYTHONPATH=/home/strikeps/Desktop/IITKGP/Summer/asv_ros2_ws/build/esc_driver/prefix_override:/usr/lib/python3/dist-packages/colcon_core/task/python/colcon_distutils_commands:/home/strikeps/Desktop/IITKGP/Summer/asv_ros2_ws/install/esc_driver/lib/python3.10/site-packages:${PYTHONPATH} /usr/bin/python3 -W ignore:setup.py install is deprecated -W ignore:easy_install command is deprecated setup.py egg_info --egg-base ../../build/esc_driver build --build-base /home/strikeps/Desktop/IITKGP/Summer/asv_ros2_ws/build/esc_driver/build install --record /home/strikeps/Desktop/IITKGP/Summer/asv_ros2_ws/build/esc_driver/install.log --single-version-externally-managed install_data
[1.098s] DEBUG:colcon.colcon_core.event_handler.log_command:Invoking command in '/home/strikeps/Desktop/IITKGP/Summer/asv_ros2_ws/src/xsens_mti_driver': PYTHONPATH=/home/strikeps/Desktop/IITKGP/Summer/asv_ros2_ws/build/xsens_mti_driver/prefix_override:/usr/lib/python3/dist-packages/colcon_core/task/python/colcon_distutils_commands:/home/strikeps/Desktop/IITKGP/Summer/asv_ros2_ws/install/xsens_mti_driver/lib/python3.10/site-packages:${PYTHONPATH} /usr/bin/python3 -W ignore:setup.py install is deprecated -W ignore:easy_install command is deprecated setup.py egg_info --egg-base ../../build/xsens_mti_driver build --build-base /home/strikeps/Desktop/IITKGP/Summer/asv_ros2_ws/build/xsens_mti_driver/build install --record /home/strikeps/Desktop/IITKGP/Summer/asv_ros2_ws/build/xsens_mti_driver/install.log --single-version-externally-managed install_data
[1.380s] DEBUG:colcon.colcon_core.event_handler.log_command:Invoked command in '/home/strikeps/Desktop/IITKGP/Summer/asv_ros2_ws/src/esc_driver' returned '0': PYTHONPATH=/home/strikeps/Desktop/IITKGP/Summer/asv_ros2_ws/build/esc_driver/prefix_override:/usr/lib/python3/dist-packages/colcon_core/task/python/colcon_distutils_commands:/home/strikeps/Desktop/IITKGP/Summer/asv_ros2_ws/install/esc_driver/lib/python3.10/site-packages:${PYTHONPATH} /usr/bin/python3 -W ignore:setup.py install is deprecated -W ignore:easy_install command is deprecated setup.py egg_info --egg-base ../../build/esc_driver build --build-base /home/strikeps/Desktop/IITKGP/Summer/asv_ros2_ws/build/esc_driver/build install --record /home/strikeps/Desktop/IITKGP/Summer/asv_ros2_ws/build/esc_driver/install.log --single-version-externally-managed install_data
[1.383s] Level 1:colcon.colcon_core.environment:checking '/home/strikeps/Desktop/IITKGP/Summer/asv_ros2_ws/install/esc_driver' for CMake module files
[1.383s] Level 1:colcon.colcon_core.environment:checking '/home/strikeps/Desktop/IITKGP/Summer/asv_ros2_ws/install/esc_driver' for CMake config files
[1.384s] Level 1:colcon.colcon_core.environment:checking '/home/strikeps/Desktop/IITKGP/Summer/asv_ros2_ws/install/esc_driver/lib'
[1.384s] Level 1:colcon.colcon_core.environment:checking '/home/strikeps/Desktop/IITKGP/Summer/asv_ros2_ws/install/esc_driver/bin'
[1.384s] Level 1:colcon.colcon_core.environment:checking '/home/strikeps/Desktop/IITKGP/Summer/asv_ros2_ws/install/esc_driver/lib/pkgconfig/esc_driver.pc'
[1.385s] Level 1:colcon.colcon_core.environment:checking '/home/strikeps/Desktop/IITKGP/Summer/asv_ros2_ws/install/esc_driver/lib/python3.10/site-packages'
[1.385s] Level 1:colcon.colcon_core.shell:create_environment_hook('esc_driver', 'pythonpath')
[1.385s] INFO:colcon.colcon_core.shell:Creating environment hook '/home/strikeps/Desktop/IITKGP/Summer/asv_ros2_ws/install/esc_driver/share/esc_driver/hook/pythonpath.ps1'
[1.386s] INFO:colcon.colcon_core.shell:Creating environment descriptor '/home/strikeps/Desktop/IITKGP/Summer/asv_ros2_ws/install/esc_driver/share/esc_driver/hook/pythonpath.dsv'
[1.386s] INFO:colcon.colcon_core.shell:Creating environment hook '/home/strikeps/Desktop/IITKGP/Summer/asv_ros2_ws/install/esc_driver/share/esc_driver/hook/pythonpath.sh'
[1.387s] Level 1:colcon.colcon_core.environment:checking '/home/strikeps/Desktop/IITKGP/Summer/asv_ros2_ws/install/esc_driver/bin'
[1.387s] Level 1:colcon.colcon_core.environment:create_environment_scripts_only(esc_driver)
[1.387s] INFO:colcon.colcon_core.shell:Creating package script '/home/strikeps/Desktop/IITKGP/Summer/asv_ros2_ws/install/esc_driver/share/esc_driver/package.ps1'
[1.388s] INFO:colcon.colcon_core.shell:Creating package descriptor '/home/strikeps/Desktop/IITKGP/Summer/asv_ros2_ws/install/esc_driver/share/esc_driver/package.dsv'
[1.389s] INFO:colcon.colcon_core.shell:Creating package script '/home/strikeps/Desktop/IITKGP/Summer/asv_ros2_ws/install/esc_driver/share/esc_driver/package.sh'
[1.390s] INFO:colcon.colcon_core.shell:Creating package script '/home/strikeps/Desktop/IITKGP/Summer/asv_ros2_ws/install/esc_driver/share/esc_driver/package.bash'
[1.391s] INFO:colcon.colcon_core.shell:Creating package script '/home/strikeps/Desktop/IITKGP/Summer/asv_ros2_ws/install/esc_driver/share/esc_driver/package.zsh'
[1.391s] Level 1:colcon.colcon_core.environment:create_file_with_runtime_dependencies(/home/strikeps/Desktop/IITKGP/Summer/asv_ros2_ws/install/esc_driver/share/colcon-core/packages/esc_driver)
[1.440s] Level 1:colcon.colcon_core.environment:checking '/home/strikeps/Desktop/IITKGP/Summer/asv_ros2_ws/install/xsens_mti_driver' for CMake module files
[1.441s] DEBUG:colcon.colcon_core.event_handler.log_command:Invoked command in '/home/strikeps/Desktop/IITKGP/Summer/asv_ros2_ws/src/xsens_mti_driver' returned '0': PYTHONPATH=/home/strikeps/Desktop/IITKGP/Summer/asv_ros2_ws/build/xsens_mti_driver/prefix_override:/usr/lib/python3/dist-packages/colcon_core/task/python/colcon_distutils_commands:/home/strikeps/Desktop/IITKGP/Summer/asv_ros2_ws/install/xsens_mti_driver/lib/python3.10/site-packages:${PYTHONPATH} /usr/bin/python3 -W ignore:setup.py install is deprecated -W ignore:easy_install command is deprecated setup.py egg_info --egg-base ../../build/xsens_mti_driver build --build-base /home/strikeps/Desktop/IITKGP/Summer/asv_ros2_ws/build/xsens_mti_driver/build install --record /home/strikeps/Desktop/IITKGP/Summer/asv_ros2_ws/build/xsens_mti_driver/install.log --single-version-externally-managed install_data
[1.442s] Level 1:colcon.colcon_core.environment:checking '/home/strikeps/Desktop/IITKGP/Summer/asv_ros2_ws/install/xsens_mti_driver' for CMake config files
[1.442s] Level 1:colcon.colcon_core.environment:checking '/home/strikeps/Desktop/IITKGP/Summer/asv_ros2_ws/install/xsens_mti_driver/lib'
[1.442s] Level 1:colcon.colcon_core.environment:checking '/home/strikeps/Desktop/IITKGP/Summer/asv_ros2_ws/install/xsens_mti_driver/bin'
[1.442s] Level 1:colcon.colcon_core.environment:checking '/home/strikeps/Desktop/IITKGP/Summer/asv_ros2_ws/install/xsens_mti_driver/lib/pkgconfig/xsens_mti_driver.pc'
[1.443s] Level 1:colcon.colcon_core.environment:checking '/home/strikeps/Desktop/IITKGP/Summer/asv_ros2_ws/install/xsens_mti_driver/lib/python3.10/site-packages'
[1.443s] Level 1:colcon.colcon_core.shell:create_environment_hook('xsens_mti_driver', 'pythonpath')
[1.443s] INFO:colcon.colcon_core.shell:Creating environment hook '/home/strikeps/Desktop/IITKGP/Summer/asv_ros2_ws/install/xsens_mti_driver/share/xsens_mti_driver/hook/pythonpath.ps1'
[1.443s] INFO:colcon.colcon_core.shell:Creating environment descriptor '/home/strikeps/Desktop/IITKGP/Summer/asv_ros2_ws/install/xsens_mti_driver/share/xsens_mti_driver/hook/pythonpath.dsv'
[1.444s] INFO:colcon.colcon_core.shell:Creating environment hook '/home/strikeps/Desktop/IITKGP/Summer/asv_ros2_ws/install/xsens_mti_driver/share/xsens_mti_driver/hook/pythonpath.sh'
[1.444s] Level 1:colcon.colcon_core.environment:checking '/home/strikeps/Desktop/IITKGP/Summer/asv_ros2_ws/install/xsens_mti_driver/bin'
[1.444s] Level 1:colcon.colcon_core.environment:create_environment_scripts_only(xsens_mti_driver)
[1.444s] INFO:colcon.colcon_core.shell:Creating package script '/home/strikeps/Desktop/IITKGP/Summer/asv_ros2_ws/install/xsens_mti_driver/share/xsens_mti_driver/package.ps1'
[1.445s] INFO:colcon.colcon_core.shell:Creating package descriptor '/home/strikeps/Desktop/IITKGP/Summer/asv_ros2_ws/install/xsens_mti_driver/share/xsens_mti_driver/package.dsv'
[1.445s] INFO:colcon.colcon_core.shell:Creating package script '/home/strikeps/Desktop/IITKGP/Summer/asv_ros2_ws/install/xsens_mti_driver/share/xsens_mti_driver/package.sh'
[1.445s] INFO:colcon.colcon_core.shell:Creating package script '/home/strikeps/Desktop/IITKGP/Summer/asv_ros2_ws/install/xsens_mti_driver/share/xsens_mti_driver/package.bash'
[1.445s] INFO:colcon.colcon_core.shell:Creating package script '/home/strikeps/Desktop/IITKGP/Summer/asv_ros2_ws/install/xsens_mti_driver/share/xsens_mti_driver/package.zsh'
[1.445s] Level 1:colcon.colcon_core.environment:create_file_with_runtime_dependencies(/home/strikeps/Desktop/IITKGP/Summer/asv_ros2_ws/install/xsens_mti_driver/share/colcon-core/packages/xsens_mti_driver)
[2.091s] DEBUG:colcon.colcon_core.event_handler.log_command:Invoked command in '/home/strikeps/Desktop/IITKGP/Summer/asv_ros2_ws/build/asv_localization_interfaces' returned '0': CMAKE_PREFIX_PATH=/opt/ros/humble /usr/bin/cmake /home/strikeps/Desktop/IITKGP/Summer/asv_ros2_ws/src/asv_localization_interfaces -DCMAKE_INSTALL_PREFIX=/home/strikeps/Desktop/IITKGP/Summer/asv_ros2_ws/install/asv_localization_interfaces
[2.093s] DEBUG:colcon.colcon_core.event_handler.log_command:Invoking command in '/home/strikeps/Desktop/IITKGP/Summer/asv_ros2_ws/build/asv_localization_interfaces': CMAKE_PREFIX_PATH=/opt/ros/humble /usr/bin/cmake --build /home/strikeps/Desktop/IITKGP/Summer/asv_ros2_ws/build/asv_localization_interfaces -- -j12 -l12
[4.065s] DEBUG:colcon.colcon_core.event_handler.log_command:Invoked command in '/home/strikeps/Desktop/IITKGP/Summer/asv_ros2_ws/build/asv_localization_interfaces' returned '0': CMAKE_PREFIX_PATH=/opt/ros/humble /usr/bin/cmake --build /home/strikeps/Desktop/IITKGP/Summer/asv_ros2_ws/build/asv_localization_interfaces -- -j12 -l12
[4.079s] DEBUG:colcon.colcon_core.event_handler.log_command:Invoking command in '/home/strikeps/Desktop/IITKGP/Summer/asv_ros2_ws/build/asv_localization_interfaces': CMAKE_PREFIX_PATH=/opt/ros/humble /usr/bin/cmake --install /home/strikeps/Desktop/IITKGP/Summer/asv_ros2_ws/build/asv_localization_interfaces
[4.137s] Level 1:colcon.colcon_core.environment:create_environment_scripts_only(asv_localization_interfaces)
[4.137s] Level 1:colcon.colcon_core.environment:checking '/home/strikeps/Desktop/IITKGP/Summer/asv_ros2_ws/install/asv_localization_interfaces' for CMake module files
[4.139s] Level 1:colcon.colcon_core.environment:checking '/home/strikeps/Desktop/IITKGP/Summer/asv_ros2_ws/install/asv_localization_interfaces' for CMake config files
[4.139s] DEBUG:colcon.colcon_core.event_handler.log_command:Invoked command in '/home/strikeps/Desktop/IITKGP/Summer/asv_ros2_ws/build/asv_localization_interfaces' returned '0': CMAKE_PREFIX_PATH=/opt/ros/humble /usr/bin/cmake --install /home/strikeps/Desktop/IITKGP/Summer/asv_ros2_ws/build/asv_localization_interfaces
[4.139s] Level 1:colcon.colcon_core.shell:create_environment_hook('asv_localization_interfaces', 'cmake_prefix_path')
[4.140s] INFO:colcon.colcon_core.shell:Creating environment hook '/home/strikeps/Desktop/IITKGP/Summer/asv_ros2_ws/install/asv_localization_interfaces/share/asv_localization_interfaces/hook/cmake_prefix_path.ps1'
[4.140s] INFO:colcon.colcon_core.shell:Creating environment descriptor '/home/strikeps/Desktop/IITKGP/Summer/asv_ros2_ws/install/asv_localization_interfaces/share/asv_localization_interfaces/hook/cmake_prefix_path.dsv'
[4.141s] INFO:colcon.colcon_core.shell:Creating environment hook '/home/strikeps/Desktop/IITKGP/Summer/asv_ros2_ws/install/asv_localization_interfaces/share/asv_localization_interfaces/hook/cmake_prefix_path.sh'
[4.141s] Level 1:colcon.colcon_core.environment:checking '/home/strikeps/Desktop/IITKGP/Summer/asv_ros2_ws/install/asv_localization_interfaces/lib'
[4.141s] Level 1:colcon.colcon_core.shell:create_environment_hook('asv_localization_interfaces', 'ld_library_path_lib')
[4.142s] INFO:colcon.colcon_core.shell:Creating environment hook '/home/strikeps/Desktop/IITKGP/Summer/asv_ros2_ws/install/asv_localization_interfaces/share/asv_localization_interfaces/hook/ld_library_path_lib.ps1'
[4.142s] INFO:colcon.colcon_core.shell:Creating environment descriptor '/home/strikeps/Desktop/IITKGP/Summer/asv_ros2_ws/install/asv_localization_interfaces/share/asv_localization_interfaces/hook/ld_library_path_lib.dsv'
[4.142s] INFO:colcon.colcon_core.shell:Creating environment hook '/home/strikeps/Desktop/IITKGP/Summer/asv_ros2_ws/install/asv_localization_interfaces/share/asv_localization_interfaces/hook/ld_library_path_lib.sh'
[4.143s] Level 1:colcon.colcon_core.environment:checking '/home/strikeps/Desktop/IITKGP/Summer/asv_ros2_ws/install/asv_localization_interfaces/bin'
[4.143s] Level 1:colcon.colcon_core.environment:checking '/home/strikeps/Desktop/IITKGP/Summer/asv_ros2_ws/install/asv_localization_interfaces/lib/pkgconfig/asv_localization_interfaces.pc'
[4.143s] Level 1:colcon.colcon_core.environment:checking '/home/strikeps/Desktop/IITKGP/Summer/asv_ros2_ws/install/asv_localization_interfaces/lib/python3.10/site-packages'
[4.143s] Level 1:colcon.colcon_core.environment:checking '/home/strikeps/Desktop/IITKGP/Summer/asv_ros2_ws/install/asv_localization_interfaces/bin'
[4.144s] INFO:colcon.colcon_core.shell:Creating package script '/home/strikeps/Desktop/IITKGP/Summer/asv_ros2_ws/install/asv_localization_interfaces/share/asv_localization_interfaces/package.ps1'
[4.144s] INFO:colcon.colcon_core.shell:Creating package descriptor '/home/strikeps/Desktop/IITKGP/Summer/asv_ros2_ws/install/asv_localization_interfaces/share/asv_localization_interfaces/package.dsv'
[4.144s] INFO:colcon.colcon_core.shell:Creating package script '/home/strikeps/Desktop/IITKGP/Summer/asv_ros2_ws/install/asv_localization_interfaces/share/asv_localization_interfaces/package.sh'
[4.145s] INFO:colcon.colcon_core.shell:Creating package script '/home/strikeps/Desktop/IITKGP/Summer/asv_ros2_ws/install/asv_localization_interfaces/share/asv_localization_interfaces/package.bash'
[4.145s] INFO:colcon.colcon_core.shell:Creating package script '/home/strikeps/Desktop/IITKGP/Summer/asv_ros2_ws/install/asv_localization_interfaces/share/asv_localization_interfaces/package.zsh'
[4.145s] Level 1:colcon.colcon_core.environment:create_file_with_runtime_dependencies(/home/strikeps/Desktop/IITKGP/Summer/asv_ros2_ws/install/asv_localization_interfaces/share/colcon-core/packages/asv_localization_interfaces)
[4.145s] Level 1:colcon.colcon_core.environment:create_environment_scripts_only(asv_localization_interfaces)
[4.146s] Level 1:colcon.colcon_core.environment:checking '/home/strikeps/Desktop/IITKGP/Summer/asv_ros2_ws/install/asv_localization_interfaces' for CMake module files
[4.146s] Level 1:colcon.colcon_core.environment:checking '/home/strikeps/Desktop/IITKGP/Summer/asv_ros2_ws/install/asv_localization_interfaces' for CMake config files
[4.146s] Level 1:colcon.colcon_core.shell:create_environment_hook('asv_localization_interfaces', 'cmake_prefix_path')
[4.146s] INFO:colcon.colcon_core.shell:Creating environment hook '/home/strikeps/Desktop/IITKGP/Summer/asv_ros2_ws/install/asv_localization_interfaces/share/asv_localization_interfaces/hook/cmake_prefix_path.ps1'
[4.147s] INFO:colcon.colcon_core.shell:Creating environment descriptor '/home/strikeps/Desktop/IITKGP/Summer/asv_ros2_ws/install/asv_localization_interfaces/share/asv_localization_interfaces/hook/cmake_prefix_path.dsv'
[4.147s] INFO:colcon.colcon_core.shell:Creating environment hook '/home/strikeps/Desktop/IITKGP/Summer/asv_ros2_ws/install/asv_localization_interfaces/share/asv_localization_interfaces/hook/cmake_prefix_path.sh'
[4.147s] Level 1:colcon.colcon_core.environment:checking '/home/strikeps/Desktop/IITKGP/Summer/asv_ros2_ws/install/asv_localization_interfaces/lib'
[4.147s] Level 1:colcon.colcon_core.shell:create_environment_hook('asv_localization_interfaces', 'ld_library_path_lib')
[4.147s] INFO:colcon.colcon_core.shell:Creating environment hook '/home/strikeps/Desktop/IITKGP/Summer/asv_ros2_ws/install/asv_localization_interfaces/share/asv_localization_interfaces/hook/ld_library_path_lib.ps1'
[4.147s] INFO:colcon.colcon_core.shell:Creating environment descriptor '/home/strikeps/Desktop/IITKGP/Summer/asv_ros2_ws/install/asv_localization_interfaces/share/asv_localization_interfaces/hook/ld_library_path_lib.dsv'
[4.148s] INFO:colcon.colcon_core.shell:Creating environment hook '/home/strikeps/Desktop/IITKGP/Summer/asv_ros2_ws/install/asv_localization_interfaces/share/asv_localization_interfaces/hook/ld_library_path_lib.sh'
[4.148s] Level 1:colcon.colcon_core.environment:checking '/home/strikeps/Desktop/IITKGP/Summer/asv_ros2_ws/install/asv_localization_interfaces/bin'
[4.148s] Level 1:colcon.colcon_core.environment:checking '/home/strikeps/Desktop/IITKGP/Summer/asv_ros2_ws/install/asv_localization_interfaces/lib/pkgconfig/asv_localization_interfaces.pc'
[4.148s] Level 1:colcon.colcon_core.environment:checking '/home/strikeps/Desktop/IITKGP/Summer/asv_ros2_ws/install/asv_localization_interfaces/lib/python3.10/site-packages'
[4.148s] Level 1:colcon.colcon_core.environment:checking '/home/strikeps/Desktop/IITKGP/Summer/asv_ros2_ws/install/asv_localization_interfaces/bin'
[4.148s] INFO:colcon.colcon_core.shell:Creating package script '/home/strikeps/Desktop/IITKGP/Summer/asv_ros2_ws/install/asv_localization_interfaces/share/asv_localization_interfaces/package.ps1'
[4.149s] INFO:colcon.colcon_core.shell:Creating package descriptor '/home/strikeps/Desktop/IITKGP/Summer/asv_ros2_ws/install/asv_localization_interfaces/share/asv_localization_interfaces/package.dsv'
[4.149s] INFO:colcon.colcon_core.shell:Creating package script '/home/strikeps/Desktop/IITKGP/Summer/asv_ros2_ws/install/asv_localization_interfaces/share/asv_localization_interfaces/package.sh'
[4.149s] INFO:colcon.colcon_core.shell:Creating package script '/home/strikeps/Desktop/IITKGP/Summer/asv_ros2_ws/install/asv_localization_interfaces/share/asv_localization_interfaces/package.bash'
[4.150s] INFO:colcon.colcon_core.shell:Creating package script '/home/strikeps/Desktop/IITKGP/Summer/asv_ros2_ws/install/asv_localization_interfaces/share/asv_localization_interfaces/package.zsh'
[4.150s] Level 1:colcon.colcon_core.environment:create_file_with_runtime_dependencies(/home/strikeps/Desktop/IITKGP/Summer/asv_ros2_ws/install/asv_localization_interfaces/share/colcon-core/packages/asv_localization_interfaces)
[4.150s] INFO:colcon.colcon_ros.task.ament_python.build:Building ROS package in '/home/strikeps/Desktop/IITKGP/Summer/asv_ros2_ws/src/asv_localization' with build type 'ament_python'
[4.150s] Level 1:colcon.colcon_core.shell:create_environment_hook('asv_localization', 'ament_prefix_path')
[4.150s] INFO:colcon.colcon_core.shell:Creating environment hook '/home/strikeps/Desktop/IITKGP/Summer/asv_ros2_ws/install/asv_localization/share/asv_localization/hook/ament_prefix_path.ps1'
[4.151s] INFO:colcon.colcon_core.shell:Creating environment descriptor '/home/strikeps/Desktop/IITKGP/Summer/asv_ros2_ws/install/asv_localization/share/asv_localization/hook/ament_prefix_path.dsv'
[4.151s] INFO:colcon.colcon_core.shell:Creating environment hook '/home/strikeps/Desktop/IITKGP/Summer/asv_ros2_ws/install/asv_localization/share/asv_localization/hook/ament_prefix_path.sh'
[4.151s] INFO:colcon.colcon_core.shell:Skip shell extension 'powershell' for command environment: Not usable outside of PowerShell
[4.151s] DEBUG:colcon.colcon_core.shell:Skip shell extension 'dsv' for command environment
[4.367s] INFO:colcon.colcon_core.task.python.build:Building Python package in '/home/strikeps/Desktop/IITKGP/Summer/asv_ros2_ws/src/asv_localization'
[4.367s] INFO:colcon.colcon_core.shell:Skip shell extension 'powershell' for command environment: Not usable outside of PowerShell
[4.367s] DEBUG:colcon.colcon_core.shell:Skip shell extension 'dsv' for command environment
[4.701s] DEBUG:colcon.colcon_core.event_handler.log_command:Invoking command in '/home/strikeps/Desktop/IITKGP/Summer/asv_ros2_ws/src/asv_localization': AMENT_PREFIX_PATH=/home/strikeps/Desktop/IITKGP/Summer/asv_ros2_ws/install/asv_localization_interfaces:${AMENT_PREFIX_PATH} CMAKE_PREFIX_PATH=/home/strikeps/Desktop/IITKGP/Summer/asv_ros2_ws/install/asv_localization_interfaces LD_LIBRARY_PATH=/home/strikeps/Desktop/IITKGP/Summer/asv_ros2_ws/install/asv_localization_interfaces/lib:${LD_LIBRARY_PATH} PYTHONPATH=/home/strikeps/Desktop/IITKGP/Summer/asv_ros2_ws/build/asv_localization/prefix_override:/usr/lib/python3/dist-packages/colcon_core/task/python/colcon_distutils_commands:/home/strikeps/Desktop/IITKGP/Summer/asv_ros2_ws/install/asv_localization/lib/python3.10/site-packages:/home/strikeps/Desktop/IITKGP/Summer/asv_ros2_ws/install/asv_localization_interfaces/local/lib/python3.10/dist-packages:${PYTHONPATH} /usr/bin/python3 -W ignore:setup.py install is deprecated -W ignore:easy_install command is deprecated setup.py egg_info --egg-base ../../build/asv_localization build --build-base /home/strikeps/Desktop/IITKGP/Summer/asv_ros2_ws/build/asv_localization/build install --record /home/strikeps/Desktop/IITKGP/Summer/asv_ros2_ws/build/asv_localization/install.log --single-version-externally-managed install_data
[5.024s] Level 1:colcon.colcon_core.environment:checking '/home/strikeps/Desktop/IITKGP/Summer/asv_ros2_ws/install/asv_localization' for CMake module files
[5.024s] DEBUG:colcon.colcon_core.event_handler.log_command:Invoked command in '/home/strikeps/Desktop/IITKGP/Summer/asv_ros2_ws/src/asv_localization' returned '0': AMENT_PREFIX_PATH=/home/strikeps/Desktop/IITKGP/Summer/asv_ros2_ws/install/asv_localization_interfaces:${AMENT_PREFIX_PATH} CMAKE_PREFIX_PATH=/home/strikeps/Desktop/IITKGP/Summer/asv_ros2_ws/install/asv_localization_interfaces LD_LIBRARY_PATH=/home/strikeps/Desktop/IITKGP/Summer/asv_ros2_ws/install/asv_localization_interfaces/lib:${LD_LIBRARY_PATH} PYTHONPATH=/home/strikeps/Desktop/IITKGP/Summer/asv_ros2_ws/build/asv_localization/prefix_override:/usr/lib/python3/dist-packages/colcon_core/task/python/colcon_distutils_commands:/home/strikeps/Desktop/IITKGP/Summer/asv_ros2_ws/install/asv_localization/lib/python3.10/site-packages:/home/strikeps/Desktop/IITKGP/Summer/asv_ros2_ws/install/asv_localization_interfaces/local/lib/python3.10/dist-packages:${PYTHONPATH} /usr/bin/python3 -W ignore:setup.py install is deprecated -W ignore:easy_install command is deprecated setup.py egg_info --egg-base ../../build/asv_localization build --build-base /home/strikeps/Desktop/IITKGP/Summer/asv_ros2_ws/build/asv_localization/build install --record /home/strikeps/Desktop/IITKGP/Summer/asv_ros2_ws/build/asv_localization/install.log --single-version-externally-managed install_data
[5.025s] Level 1:colcon.colcon_core.environment:checking '/home/strikeps/Desktop/IITKGP/Summer/asv_ros2_ws/install/asv_localization' for CMake config files
[5.025s] Level 1:colcon.colcon_core.environment:checking '/home/strikeps/Desktop/IITKGP/Summer/asv_ros2_ws/install/asv_localization/lib'
[5.026s] Level 1:colcon.colcon_core.environment:checking '/home/strikeps/Desktop/IITKGP/Summer/asv_ros2_ws/install/asv_localization/bin'
[5.026s] Level 1:colcon.colcon_core.environment:checking '/home/strikeps/Desktop/IITKGP/Summer/asv_ros2_ws/install/asv_localization/lib/pkgconfig/asv_localization.pc'
[5.026s] Level 1:colcon.colcon_core.environment:checking '/home/strikeps/Desktop/IITKGP/Summer/asv_ros2_ws/install/asv_localization/lib/python3.10/site-packages'
[5.026s] Level 1:colcon.colcon_core.shell:create_environment_hook('asv_localization', 'pythonpath')
[5.026s] INFO:colcon.colcon_core.shell:Creating environment hook '/home/strikeps/Desktop/IITKGP/Summer/asv_ros2_ws/install/asv_localization/share/asv_localization/hook/pythonpath.ps1'
[5.027s] INFO:colcon.colcon_core.shell:Creating environment descriptor '/home/strikeps/Desktop/IITKGP/Summer/asv_ros2_ws/install/asv_localization/share/asv_localization/hook/pythonpath.dsv'
[5.027s] INFO:colcon.colcon_core.shell:Creating environment hook '/home/strikeps/Desktop/IITKGP/Summer/asv_ros2_ws/install/asv_localization/share/asv_localization/hook/pythonpath.sh'
[5.028s] Level 1:colcon.colcon_core.environment:checking '/home/strikeps/Desktop/IITKGP/Summer/asv_ros2_ws/install/asv_localization/bin'
[5.028s] Level 1:colcon.colcon_core.environment:create_environment_scripts_only(asv_localization)
[5.029s] INFO:colcon.colcon_core.shell:Creating package script '/home/strikeps/Desktop/IITKGP/Summer/asv_ros2_ws/install/asv_localization/share/asv_localization/package.ps1'
[5.029s] INFO:colcon.colcon_core.shell:Creating package descriptor '/home/strikeps/Desktop/IITKGP/Summer/asv_ros2_ws/install/asv_localization/share/asv_localization/package.dsv'
[5.030s] INFO:colcon.colcon_core.shell:Creating package script '/home/strikeps/Desktop/IITKGP/Summer/asv_ros2_ws/install/asv_localization/share/asv_localization/package.sh'
[5.030s] INFO:colcon.colcon_core.shell:Creating package script '/home/strikeps/Desktop/IITKGP/Summer/asv_ros2_ws/install/asv_localization/share/asv_localization/package.bash'
[5.031s] INFO:colcon.colcon_core.shell:Creating package script '/home/strikeps/Desktop/IITKGP/Summer/asv_ros2_ws/install/asv_localization/share/asv_localization/package.zsh'
[5.031s] Level 1:colcon.colcon_core.environment:create_file_with_runtime_dependencies(/home/strikeps/Desktop/IITKGP/Summer/asv_ros2_ws/install/asv_localization/share/colcon-core/packages/asv_localization)
[5.031s] DEBUG:colcon.colcon_parallel_executor.executor.parallel:closing loop
[5.032s] DEBUG:colcon.colcon_parallel_executor.executor.parallel:loop closed
[5.032s] DEBUG:colcon.colcon_parallel_executor.executor.parallel:run_until_complete finished with '0'
[5.032s] DEBUG:colcon.colcon_core.event_reactor:joining thread
[5.038s] INFO:colcon.colcon_core.plugin_system:Skipping extension 'colcon_notification.desktop_notification.terminal_notifier': Not used on non-Darwin systems
[5.038s] INFO:colcon.colcon_core.plugin_system:Skipping extension 'colcon_notification.desktop_notification.win32': Not used on non-Windows systems
[5.038s] INFO:colcon.colcon_notification.desktop_notification:Sending desktop notification using 'notify2'
[5.056s] DEBUG:colcon.colcon_core.event_reactor:joined thread
[5.056s] INFO:colcon.colcon_core.shell:Creating prefix script '/home/strikeps/Desktop/IITKGP/Summer/asv_ros2_ws/install/local_setup.ps1'
[5.058s] INFO:colcon.colcon_core.shell:Creating prefix util module '/home/strikeps/Desktop/IITKGP/Summer/asv_ros2_ws/install/_local_setup_util_ps1.py'
[5.060s] INFO:colcon.colcon_core.shell:Creating prefix chain script '/home/strikeps/Desktop/IITKGP/Summer/asv_ros2_ws/install/setup.ps1'
[5.062s] INFO:colcon.colcon_core.shell:Creating prefix script '/home/strikeps/Desktop/IITKGP/Summer/asv_ros2_ws/install/local_setup.sh'
[5.063s] INFO:colcon.colcon_core.shell:Creating prefix util module '/home/strikeps/Desktop/IITKGP/Summer/asv_ros2_ws/install/_local_setup_util_sh.py'
[5.064s] INFO:colcon.colcon_core.shell:Creating prefix chain script '/home/strikeps/Desktop/IITKGP/Summer/asv_ros2_ws/install/setup.sh'
[5.066s] INFO:colcon.colcon_core.shell:Creating prefix script '/home/strikeps/Desktop/IITKGP/Summer/asv_ros2_ws/install/local_setup.bash'
[5.066s] INFO:colcon.colcon_core.shell:Creating prefix chain script '/home/strikeps/Desktop/IITKGP/Summer/asv_ros2_ws/install/setup.bash'
[5.068s] INFO:colcon.colcon_core.shell:Creating prefix script '/home/strikeps/Desktop/IITKGP/Summer/asv_ros2_ws/install/local_setup.zsh'
[5.069s] INFO:colcon.colcon_core.shell:Creating prefix chain script '/home/strikeps/Desktop/IITKGP/Summer/asv_ros2_ws/install/setup.zsh'
